[ 2016-05-10T09:27:04+08:00 ] 127.0.0.1 /tp/
ERR: Access denied for user 'root'@'localhost' (using password: YES)

[ 2016-05-10T10:05:02+08:00 ] 127.0.0.1 /tp/index.php/Index/visits.html
INFO: [ app_begin ] --START--
INFO: ReadHtmlCache Behavior ::run [ RunTime:0.001000s ]
INFO: [ app_begin ] --END-- [ RunTime:0.001000s ]
NOTIC: [2048] Declaration of IndexAction::show() should be compatible with Action::show($content, $charset = '', $contentType = '', $prefix = '') D:\phpStudy\WWW\tp\vote\Lib\Action\IndexAction.class.php 第 304 行.
NOTIC: [8192] mysql_connect(): The mysql extension is deprecated and will be removed in the future: use mysqli or PDO instead D:\phpStudy\WWW\tp\ThinkPHP\Lib\Driver\Db\DbMysql.class.php 第 55 行.
SQL: SHOW COLUMNS FROM `tp_config` [ RunTime:0.005000s ]
NOTIC: [8192] preg_replace(): The /e modifier is deprecated, use preg_replace_callback instead D:\phpStudy\WWW\tp\ThinkPHP\Lib\Core\Db.class.php 第 605 行.
SQL: SELECT * FROM `tp_config` WHERE ( id = 1 ) LIMIT 1   [ RunTime:0.001000s ]
SQL: UPDATE `tp_config` SET `visits`=5939 WHERE ( id=1 ) [ RunTime:0.086005s ]

[ 2016-05-10T10:05:07+08:00 ] 127.0.0.1 /tp/index.php/Index/jiazai.html
INFO: [ app_begin ] --START--
INFO: ReadHtmlCache Behavior ::run [ RunTime:0.000000s ]
INFO: [ app_begin ] --END-- [ RunTime:0.000000s ]
NOTIC: [2048] Declaration of IndexAction::show() should be compatible with Action::show($content, $charset = '', $contentType = '', $prefix = '') D:\phpStudy\WWW\tp\vote\Lib\Action\IndexAction.class.php 第 304 行.
NOTIC: [8192] mysql_connect(): The mysql extension is deprecated and will be removed in the future: use mysqli or PDO instead D:\phpStudy\WWW\tp\ThinkPHP\Lib\Driver\Db\DbMysql.class.php 第 55 行.
SQL: SHOW COLUMNS FROM `tp_signup` [ RunTime:0.003000s ]
NOTIC: [8192] preg_replace(): The /e modifier is deprecated, use preg_replace_callback instead D:\phpStudy\WWW\tp\ThinkPHP\Lib\Core\Db.class.php 第 605 行.
SQL: SELECT COUNT(*) AS tp_count FROM `tp_signup` LIMIT 1   [ RunTime:0.001000s ]
NOTIC: [8192] preg_replace(): The /e modifier is deprecated, use preg_replace_callback instead D:\phpStudy\WWW\tp\ThinkPHP\Lib\Core\Db.class.php 第 605 行.
SQL: SELECT MAX(*) AS tp_max FROM `tp_signup` LIMIT 1   [ RunTime:0.000000s ]
ERR: 1064:You have an error in your SQL syntax; check the manual that corresponds to your MySQL server version for the right syntax to use near '*) AS tp_max FROM `tp_signup` LIMIT 1' at line 1
 [ SQL语句 ] : SELECT MAX(*) AS tp_max FROM `tp_signup` LIMIT 1  
NOTIC: [8192] preg_replace(): The /e modifier is deprecated, use preg_replace_callback instead D:\phpStudy\WWW\tp\ThinkPHP\Lib\Core\Db.class.php 第 605 行.
SQL: SELECT * FROM `tp_signup` LIMIT 1,1   [ RunTime:0.001000s ]

[ 2016-05-10T10:05:43+08:00 ] 127.0.0.1 /tp/index.php/Index/visits.html
INFO: [ app_begin ] --START--
INFO: ReadHtmlCache Behavior ::run [ RunTime:0.001001s ]
INFO: [ app_begin ] --END-- [ RunTime:0.001001s ]
NOTIC: [2048] Declaration of IndexAction::show() should be compatible with Action::show($content, $charset = '', $contentType = '', $prefix = '') D:\phpStudy\WWW\tp\vote\Lib\Action\IndexAction.class.php 第 304 行.
NOTIC: [8192] mysql_connect(): The mysql extension is deprecated and will be removed in the future: use mysqli or PDO instead D:\phpStudy\WWW\tp\ThinkPHP\Lib\Driver\Db\DbMysql.class.php 第 55 行.
SQL: SHOW COLUMNS FROM `tp_config` [ RunTime:0.003000s ]
NOTIC: [8192] preg_replace(): The /e modifier is deprecated, use preg_replace_callback instead D:\phpStudy\WWW\tp\ThinkPHP\Lib\Core\Db.class.php 第 605 行.
SQL: SELECT * FROM `tp_config` WHERE ( id = 1 ) LIMIT 1   [ RunTime:0.001000s ]
SQL: UPDATE `tp_config` SET `visits`=5940 WHERE ( id=1 ) [ RunTime:0.092006s ]

[ 2016-05-10T10:05:45+08:00 ] 127.0.0.1 /tp/index.php/Index/jiazai.html
INFO: [ app_begin ] --START--
INFO: ReadHtmlCache Behavior ::run [ RunTime:0.000000s ]
INFO: [ app_begin ] --END-- [ RunTime:0.000000s ]
NOTIC: [2048] Declaration of IndexAction::show() should be compatible with Action::show($content, $charset = '', $contentType = '', $prefix = '') D:\phpStudy\WWW\tp\vote\Lib\Action\IndexAction.class.php 第 304 行.
NOTIC: [8192] mysql_connect(): The mysql extension is deprecated and will be removed in the future: use mysqli or PDO instead D:\phpStudy\WWW\tp\ThinkPHP\Lib\Driver\Db\DbMysql.class.php 第 55 行.
SQL: SHOW COLUMNS FROM `tp_signup` [ RunTime:0.003000s ]
NOTIC: [8192] preg_replace(): The /e modifier is deprecated, use preg_replace_callback instead D:\phpStudy\WWW\tp\ThinkPHP\Lib\Core\Db.class.php 第 605 行.
SQL: SELECT COUNT(*) AS tp_count FROM `tp_signup` LIMIT 1   [ RunTime:0.000000s ]
NOTIC: [8192] preg_replace(): The /e modifier is deprecated, use preg_replace_callback instead D:\phpStudy\WWW\tp\ThinkPHP\Lib\Core\Db.class.php 第 605 行.
SQL: SELECT MAX(*) AS tp_max FROM `tp_signup` LIMIT 1   [ RunTime:0.000000s ]
ERR: 1064:You have an error in your SQL syntax; check the manual that corresponds to your MySQL server version for the right syntax to use near '*) AS tp_max FROM `tp_signup` LIMIT 1' at line 1
 [ SQL语句 ] : SELECT MAX(*) AS tp_max FROM `tp_signup` LIMIT 1  
NOTIC: [8192] preg_replace(): The /e modifier is deprecated, use preg_replace_callback instead D:\phpStudy\WWW\tp\ThinkPHP\Lib\Core\Db.class.php 第 605 行.
SQL: SELECT * FROM `tp_signup` LIMIT 1,1   [ RunTime:0.000000s ]

[ 2016-05-10T10:05:46+08:00 ] 127.0.0.1 /tp/index.php/Index/jiazai.html
INFO: [ app_begin ] --START--
INFO: ReadHtmlCache Behavior ::run [ RunTime:0.001000s ]
INFO: [ app_begin ] --END-- [ RunTime:0.001000s ]
NOTIC: [2048] Declaration of IndexAction::show() should be compatible with Action::show($content, $charset = '', $contentType = '', $prefix = '') D:\phpStudy\WWW\tp\vote\Lib\Action\IndexAction.class.php 第 304 行.
NOTIC: [8192] mysql_connect(): The mysql extension is deprecated and will be removed in the future: use mysqli or PDO instead D:\phpStudy\WWW\tp\ThinkPHP\Lib\Driver\Db\DbMysql.class.php 第 55 行.
SQL: SHOW COLUMNS FROM `tp_signup` [ RunTime:0.003000s ]
NOTIC: [8192] preg_replace(): The /e modifier is deprecated, use preg_replace_callback instead D:\phpStudy\WWW\tp\ThinkPHP\Lib\Core\Db.class.php 第 605 行.
SQL: SELECT COUNT(*) AS tp_count FROM `tp_signup` LIMIT 1   [ RunTime:0.000000s ]
NOTIC: [8192] preg_replace(): The /e modifier is deprecated, use preg_replace_callback instead D:\phpStudy\WWW\tp\ThinkPHP\Lib\Core\Db.class.php 第 605 行.
SQL: SELECT MAX(*) AS tp_max FROM `tp_signup` LIMIT 1   [ RunTime:0.000000s ]
ERR: 1064:You have an error in your SQL syntax; check the manual that corresponds to your MySQL server version for the right syntax to use near '*) AS tp_max FROM `tp_signup` LIMIT 1' at line 1
 [ SQL语句 ] : SELECT MAX(*) AS tp_max FROM `tp_signup` LIMIT 1  
NOTIC: [8192] preg_replace(): The /e modifier is deprecated, use preg_replace_callback instead D:\phpStudy\WWW\tp\ThinkPHP\Lib\Core\Db.class.php 第 605 行.
SQL: SELECT * FROM `tp_signup` LIMIT 2,1   [ RunTime:0.000000s ]

[ 2016-05-10T10:05:47+08:00 ] 127.0.0.1 /tp/index.php/Index/jiazai.html
INFO: [ app_begin ] --START--
INFO: ReadHtmlCache Behavior ::run [ RunTime:0.000000s ]
INFO: [ app_begin ] --END-- [ RunTime:0.001000s ]
NOTIC: [2048] Declaration of IndexAction::show() should be compatible with Action::show($content, $charset = '', $contentType = '', $prefix = '') D:\phpStudy\WWW\tp\vote\Lib\Action\IndexAction.class.php 第 304 行.
NOTIC: [8192] mysql_connect(): The mysql extension is deprecated and will be removed in the future: use mysqli or PDO instead D:\phpStudy\WWW\tp\ThinkPHP\Lib\Driver\Db\DbMysql.class.php 第 55 行.
SQL: SHOW COLUMNS FROM `tp_signup` [ RunTime:0.003000s ]
NOTIC: [8192] preg_replace(): The /e modifier is deprecated, use preg_replace_callback instead D:\phpStudy\WWW\tp\ThinkPHP\Lib\Core\Db.class.php 第 605 行.
SQL: SELECT COUNT(*) AS tp_count FROM `tp_signup` LIMIT 1   [ RunTime:0.000000s ]
NOTIC: [8192] preg_replace(): The /e modifier is deprecated, use preg_replace_callback instead D:\phpStudy\WWW\tp\ThinkPHP\Lib\Core\Db.class.php 第 605 行.
SQL: SELECT MAX(*) AS tp_max FROM `tp_signup` LIMIT 1   [ RunTime:0.001000s ]
ERR: 1064:You have an error in your SQL syntax; check the manual that corresponds to your MySQL server version for the right syntax to use near '*) AS tp_max FROM `tp_signup` LIMIT 1' at line 1
 [ SQL语句 ] : SELECT MAX(*) AS tp_max FROM `tp_signup` LIMIT 1  
NOTIC: [8192] preg_replace(): The /e modifier is deprecated, use preg_replace_callback instead D:\phpStudy\WWW\tp\ThinkPHP\Lib\Core\Db.class.php 第 605 行.
SQL: SELECT * FROM `tp_signup` LIMIT 3,1   [ RunTime:0.000000s ]

