[ 2016-06-21T11:09:57+08:00 ] 0.0.0.0 /toupiao/index.php/Admin/getJson.html
INFO: [ route_check ] --START--
INFO: CheckRoute Behavior ::run [ RunTime:0.001000s ]
INFO: [ route_check ] --END-- [ RunTime:0.018001s ]
NOTIC: [8192] preg_replace(): The /e modifier is deprecated, use preg_replace_callback instead D:\wamp\www\toupiao\ThinkPHP\Lib\Core\Dispatcher.class.php 第 132 行.
INFO: [ app_begin ] --START--
INFO: ReadHtmlCache Behavior ::run [ RunTime:0.001000s ]
INFO: [ app_begin ] --END-- [ RunTime:0.001000s ]
NOTIC: [8192] mysql_connect(): The mysql extension is deprecated and will be removed in the future: use mysqli or PDO instead D:\wamp\www\toupiao\ThinkPHP\Lib\Driver\Db\DbMysql.class.php 第 55 行.
SQL: SHOW COLUMNS FROM `tp_cache` [ RunTime:0.012001s ]
NOTIC: [8192] preg_replace(): The /e modifier is deprecated, use preg_replace_callback instead D:\wamp\www\toupiao\ThinkPHP\Lib\Core\Db.class.php 第 605 行.
SQL: SELECT access_token as token,jsapi_ticket as jsapi FROM `tp_cache` WHERE ( id = 1 ) LIMIT 1   [ RunTime:0.022001s ]

[ 2016-06-21T11:10:03+08:00 ] 0.0.0.0 /toupiao/index.php/Admin/getJson
INFO: [ route_check ] --START--
INFO: CheckRoute Behavior ::run [ RunTime:0.001000s ]
INFO: [ route_check ] --END-- [ RunTime:0.001000s ]
NOTIC: [8192] preg_replace(): The /e modifier is deprecated, use preg_replace_callback instead D:\wamp\www\toupiao\ThinkPHP\Lib\Core\Dispatcher.class.php 第 132 行.
INFO: [ app_begin ] --START--
INFO: ReadHtmlCache Behavior ::run [ RunTime:0.001000s ]
INFO: [ app_begin ] --END-- [ RunTime:0.001000s ]
NOTIC: [8192] mysql_connect(): The mysql extension is deprecated and will be removed in the future: use mysqli or PDO instead D:\wamp\www\toupiao\ThinkPHP\Lib\Driver\Db\DbMysql.class.php 第 55 行.
SQL: SHOW COLUMNS FROM `tp_cache` [ RunTime:0.002000s ]
NOTIC: [8192] preg_replace(): The /e modifier is deprecated, use preg_replace_callback instead D:\wamp\www\toupiao\ThinkPHP\Lib\Core\Db.class.php 第 605 行.
SQL: SELECT access_token as token,jsapi_ticket as jsapi FROM `tp_cache` WHERE ( id = 1 ) LIMIT 1   [ RunTime:0.000000s ]

[ 2016-06-21T11:12:21+08:00 ] 0.0.0.0 /toupiao/index.php/Admin/getJson
INFO: [ route_check ] --START--
INFO: CheckRoute Behavior ::run [ RunTime:0.001000s ]
INFO: [ route_check ] --END-- [ RunTime:0.001000s ]
NOTIC: [8192] preg_replace(): The /e modifier is deprecated, use preg_replace_callback instead D:\wamp\www\toupiao\ThinkPHP\Lib\Core\Dispatcher.class.php 第 132 行.
INFO: [ app_begin ] --START--
INFO: ReadHtmlCache Behavior ::run [ RunTime:0.000000s ]
INFO: [ app_begin ] --END-- [ RunTime:0.002001s ]
NOTIC: [8192] mysql_connect(): The mysql extension is deprecated and will be removed in the future: use mysqli or PDO instead D:\wamp\www\toupiao\ThinkPHP\Lib\Driver\Db\DbMysql.class.php 第 55 行.
SQL: SHOW COLUMNS FROM `tp_cache` [ RunTime:0.004000s ]
NOTIC: [8192] preg_replace(): The /e modifier is deprecated, use preg_replace_callback instead D:\wamp\www\toupiao\ThinkPHP\Lib\Core\Db.class.php 第 605 行.
SQL: SELECT access_token as token,jsapi_ticket as jsapi FROM `tp_cache` WHERE ( id = 1 ) LIMIT 1   [ RunTime:0.000000s ]

[ 2016-06-21T11:12:37+08:00 ] 0.0.0.0 /toupiao/index.php/Admin/getJson
INFO: [ route_check ] --START--
INFO: CheckRoute Behavior ::run [ RunTime:0.001000s ]
INFO: [ route_check ] --END-- [ RunTime:0.001000s ]
NOTIC: [8192] preg_replace(): The /e modifier is deprecated, use preg_replace_callback instead D:\wamp\www\toupiao\ThinkPHP\Lib\Core\Dispatcher.class.php 第 132 行.
INFO: [ app_begin ] --START--
INFO: ReadHtmlCache Behavior ::run [ RunTime:0.000000s ]
INFO: [ app_begin ] --END-- [ RunTime:0.002000s ]
NOTIC: [8192] mysql_connect(): The mysql extension is deprecated and will be removed in the future: use mysqli or PDO instead D:\wamp\www\toupiao\ThinkPHP\Lib\Driver\Db\DbMysql.class.php 第 55 行.
SQL: SHOW COLUMNS FROM `tp_cache` [ RunTime:0.004000s ]
NOTIC: [8192] preg_replace(): The /e modifier is deprecated, use preg_replace_callback instead D:\wamp\www\toupiao\ThinkPHP\Lib\Core\Db.class.php 第 605 行.
SQL: SELECT access_token as token,jsapi_ticket as jsapi FROM `tp_cache` WHERE ( id = 1 ) LIMIT 1   [ RunTime:0.000000s ]

[ 2016-06-21T11:12:38+08:00 ] 0.0.0.0 /toupiao/index.php/Admin/getJson
INFO: [ route_check ] --START--
INFO: CheckRoute Behavior ::run [ RunTime:0.001000s ]
INFO: [ route_check ] --END-- [ RunTime:0.001000s ]
NOTIC: [8192] preg_replace(): The /e modifier is deprecated, use preg_replace_callback instead D:\wamp\www\toupiao\ThinkPHP\Lib\Core\Dispatcher.class.php 第 132 行.
INFO: [ app_begin ] --START--
INFO: ReadHtmlCache Behavior ::run [ RunTime:0.000000s ]
INFO: [ app_begin ] --END-- [ RunTime:0.000000s ]
NOTIC: [8192] mysql_connect(): The mysql extension is deprecated and will be removed in the future: use mysqli or PDO instead D:\wamp\www\toupiao\ThinkPHP\Lib\Driver\Db\DbMysql.class.php 第 55 行.
SQL: SHOW COLUMNS FROM `tp_cache` [ RunTime:0.003000s ]
NOTIC: [8192] preg_replace(): The /e modifier is deprecated, use preg_replace_callback instead D:\wamp\www\toupiao\ThinkPHP\Lib\Core\Db.class.php 第 605 行.
SQL: SELECT access_token as token,jsapi_ticket as jsapi FROM `tp_cache` WHERE ( id = 1 ) LIMIT 1   [ RunTime:0.000000s ]

[ 2016-06-21T11:12:38+08:00 ] 0.0.0.0 /toupiao/index.php/Admin/getJson
INFO: [ route_check ] --START--
INFO: CheckRoute Behavior ::run [ RunTime:0.000000s ]
INFO: [ route_check ] --END-- [ RunTime:0.001000s ]
NOTIC: [8192] preg_replace(): The /e modifier is deprecated, use preg_replace_callback instead D:\wamp\www\toupiao\ThinkPHP\Lib\Core\Dispatcher.class.php 第 132 行.
INFO: [ app_begin ] --START--
INFO: ReadHtmlCache Behavior ::run [ RunTime:0.000000s ]
INFO: [ app_begin ] --END-- [ RunTime:0.001000s ]
NOTIC: [8192] mysql_connect(): The mysql extension is deprecated and will be removed in the future: use mysqli or PDO instead D:\wamp\www\toupiao\ThinkPHP\Lib\Driver\Db\DbMysql.class.php 第 55 行.
SQL: SHOW COLUMNS FROM `tp_cache` [ RunTime:0.003000s ]
NOTIC: [8192] preg_replace(): The /e modifier is deprecated, use preg_replace_callback instead D:\wamp\www\toupiao\ThinkPHP\Lib\Core\Db.class.php 第 605 行.
SQL: SELECT access_token as token,jsapi_ticket as jsapi FROM `tp_cache` WHERE ( id = 1 ) LIMIT 1   [ RunTime:0.001001s ]

[ 2016-06-21T11:13:10+08:00 ] 0.0.0.0 /toupiao/index.php/Admin/getJson
INFO: [ route_check ] --START--
INFO: CheckRoute Behavior ::run [ RunTime:0.001000s ]
INFO: [ route_check ] --END-- [ RunTime:0.001000s ]
NOTIC: [8192] preg_replace(): The /e modifier is deprecated, use preg_replace_callback instead D:\wamp\www\toupiao\ThinkPHP\Lib\Core\Dispatcher.class.php 第 132 行.
INFO: [ app_begin ] --START--
INFO: ReadHtmlCache Behavior ::run [ RunTime:0.001000s ]
INFO: [ app_begin ] --END-- [ RunTime:0.001000s ]
NOTIC: [8192] mysql_connect(): The mysql extension is deprecated and will be removed in the future: use mysqli or PDO instead D:\wamp\www\toupiao\ThinkPHP\Lib\Driver\Db\DbMysql.class.php 第 55 行.
SQL: SHOW COLUMNS FROM `tp_cache` [ RunTime:0.002000s ]
NOTIC: [8192] preg_replace(): The /e modifier is deprecated, use preg_replace_callback instead D:\wamp\www\toupiao\ThinkPHP\Lib\Core\Db.class.php 第 605 行.
SQL: SELECT access_token as token,jsapi_ticket as jsapi FROM `tp_cache` WHERE ( id = 1 ) LIMIT 1   [ RunTime:0.000000s ]

[ 2016-06-21T11:13:11+08:00 ] 0.0.0.0 /toupiao/index.php/Admin/getJson
INFO: [ route_check ] --START--
INFO: CheckRoute Behavior ::run [ RunTime:0.001000s ]
INFO: [ route_check ] --END-- [ RunTime:0.001000s ]
NOTIC: [8192] preg_replace(): The /e modifier is deprecated, use preg_replace_callback instead D:\wamp\www\toupiao\ThinkPHP\Lib\Core\Dispatcher.class.php 第 132 行.
INFO: [ app_begin ] --START--
INFO: ReadHtmlCache Behavior ::run [ RunTime:0.001000s ]
INFO: [ app_begin ] --END-- [ RunTime:0.001000s ]
NOTIC: [8192] mysql_connect(): The mysql extension is deprecated and will be removed in the future: use mysqli or PDO instead D:\wamp\www\toupiao\ThinkPHP\Lib\Driver\Db\DbMysql.class.php 第 55 行.
SQL: SHOW COLUMNS FROM `tp_cache` [ RunTime:0.003000s ]
NOTIC: [8192] preg_replace(): The /e modifier is deprecated, use preg_replace_callback instead D:\wamp\www\toupiao\ThinkPHP\Lib\Core\Db.class.php 第 605 行.
SQL: SELECT access_token as token,jsapi_ticket as jsapi FROM `tp_cache` WHERE ( id = 1 ) LIMIT 1   [ RunTime:0.000000s ]

[ 2016-06-21T11:13:11+08:00 ] 0.0.0.0 /toupiao/index.php/Admin/getJson
INFO: [ route_check ] --START--
INFO: CheckRoute Behavior ::run [ RunTime:0.003001s ]
INFO: [ route_check ] --END-- [ RunTime:0.003001s ]
NOTIC: [8192] preg_replace(): The /e modifier is deprecated, use preg_replace_callback instead D:\wamp\www\toupiao\ThinkPHP\Lib\Core\Dispatcher.class.php 第 132 行.
INFO: [ app_begin ] --START--
INFO: ReadHtmlCache Behavior ::run [ RunTime:0.002000s ]
INFO: [ app_begin ] --END-- [ RunTime:0.002000s ]
NOTIC: [8192] mysql_connect(): The mysql extension is deprecated and will be removed in the future: use mysqli or PDO instead D:\wamp\www\toupiao\ThinkPHP\Lib\Driver\Db\DbMysql.class.php 第 55 行.
SQL: SHOW COLUMNS FROM `tp_cache` [ RunTime:0.004001s ]
NOTIC: [8192] preg_replace(): The /e modifier is deprecated, use preg_replace_callback instead D:\wamp\www\toupiao\ThinkPHP\Lib\Core\Db.class.php 第 605 行.
SQL: SELECT access_token as token,jsapi_ticket as jsapi FROM `tp_cache` WHERE ( id = 1 ) LIMIT 1   [ RunTime:0.000000s ]

[ 2016-06-21T11:13:11+08:00 ] 0.0.0.0 /toupiao/index.php/Admin/getJson
INFO: [ route_check ] --START--
INFO: CheckRoute Behavior ::run [ RunTime:0.001000s ]
INFO: [ route_check ] --END-- [ RunTime:0.001000s ]
NOTIC: [8192] preg_replace(): The /e modifier is deprecated, use preg_replace_callback instead D:\wamp\www\toupiao\ThinkPHP\Lib\Core\Dispatcher.class.php 第 132 行.
INFO: [ app_begin ] --START--
INFO: ReadHtmlCache Behavior ::run [ RunTime:0.001001s ]
INFO: [ app_begin ] --END-- [ RunTime:0.001001s ]
NOTIC: [8192] mysql_connect(): The mysql extension is deprecated and will be removed in the future: use mysqli or PDO instead D:\wamp\www\toupiao\ThinkPHP\Lib\Driver\Db\DbMysql.class.php 第 55 行.
SQL: SHOW COLUMNS FROM `tp_cache` [ RunTime:0.003001s ]
NOTIC: [8192] preg_replace(): The /e modifier is deprecated, use preg_replace_callback instead D:\wamp\www\toupiao\ThinkPHP\Lib\Core\Db.class.php 第 605 行.
SQL: SELECT access_token as token,jsapi_ticket as jsapi FROM `tp_cache` WHERE ( id = 1 ) LIMIT 1   [ RunTime:0.001000s ]

[ 2016-06-21T11:13:26+08:00 ] 0.0.0.0 /toupiao/index.php/Admin/getJson
INFO: [ route_check ] --START--
INFO: CheckRoute Behavior ::run [ RunTime:0.001000s ]
INFO: [ route_check ] --END-- [ RunTime:0.001000s ]
NOTIC: [8192] preg_replace(): The /e modifier is deprecated, use preg_replace_callback instead D:\wamp\www\toupiao\ThinkPHP\Lib\Core\Dispatcher.class.php 第 132 行.
INFO: [ app_begin ] --START--
INFO: ReadHtmlCache Behavior ::run [ RunTime:0.000000s ]
INFO: [ app_begin ] --END-- [ RunTime:0.002000s ]
NOTIC: [8192] mysql_connect(): The mysql extension is deprecated and will be removed in the future: use mysqli or PDO instead D:\wamp\www\toupiao\ThinkPHP\Lib\Driver\Db\DbMysql.class.php 第 55 行.
SQL: SHOW COLUMNS FROM `tp_cache` [ RunTime:0.004000s ]
NOTIC: [8192] preg_replace(): The /e modifier is deprecated, use preg_replace_callback instead D:\wamp\www\toupiao\ThinkPHP\Lib\Core\Db.class.php 第 605 行.
SQL: SELECT access_token as token,jsapi_ticket as jsapi FROM `tp_cache` WHERE ( id = 1 ) LIMIT 1   [ RunTime:0.001000s ]

[ 2016-06-21T11:13:26+08:00 ] 0.0.0.0 /toupiao/index.php/Admin/getJson
INFO: [ route_check ] --START--
INFO: CheckRoute Behavior ::run [ RunTime:0.000000s ]
INFO: [ route_check ] --END-- [ RunTime:0.002000s ]
NOTIC: [8192] preg_replace(): The /e modifier is deprecated, use preg_replace_callback instead D:\wamp\www\toupiao\ThinkPHP\Lib\Core\Dispatcher.class.php 第 132 行.
INFO: [ app_begin ] --START--
INFO: ReadHtmlCache Behavior ::run [ RunTime:0.001000s ]
INFO: [ app_begin ] --END-- [ RunTime:0.001000s ]
NOTIC: [8192] mysql_connect(): The mysql extension is deprecated and will be removed in the future: use mysqli or PDO instead D:\wamp\www\toupiao\ThinkPHP\Lib\Driver\Db\DbMysql.class.php 第 55 行.
SQL: SHOW COLUMNS FROM `tp_cache` [ RunTime:0.004000s ]
NOTIC: [8192] preg_replace(): The /e modifier is deprecated, use preg_replace_callback instead D:\wamp\www\toupiao\ThinkPHP\Lib\Core\Db.class.php 第 605 行.
SQL: SELECT access_token as token,jsapi_ticket as jsapi FROM `tp_cache` WHERE ( id = 1 ) LIMIT 1   [ RunTime:0.000000s ]

[ 2016-06-21T11:13:27+08:00 ] 0.0.0.0 /toupiao/index.php/Admin/getJson
INFO: [ route_check ] --START--
INFO: CheckRoute Behavior ::run [ RunTime:0.002000s ]
INFO: [ route_check ] --END-- [ RunTime:0.002000s ]
NOTIC: [8192] preg_replace(): The /e modifier is deprecated, use preg_replace_callback instead D:\wamp\www\toupiao\ThinkPHP\Lib\Core\Dispatcher.class.php 第 132 行.
INFO: [ app_begin ] --START--
INFO: ReadHtmlCache Behavior ::run [ RunTime:0.001000s ]
INFO: [ app_begin ] --END-- [ RunTime:0.001000s ]
NOTIC: [8192] mysql_connect(): The mysql extension is deprecated and will be removed in the future: use mysqli or PDO instead D:\wamp\www\toupiao\ThinkPHP\Lib\Driver\Db\DbMysql.class.php 第 55 行.
SQL: SHOW COLUMNS FROM `tp_cache` [ RunTime:0.003000s ]
NOTIC: [8192] preg_replace(): The /e modifier is deprecated, use preg_replace_callback instead D:\wamp\www\toupiao\ThinkPHP\Lib\Core\Db.class.php 第 605 行.
SQL: SELECT access_token as token,jsapi_ticket as jsapi FROM `tp_cache` WHERE ( id = 1 ) LIMIT 1   [ RunTime:0.000000s ]

[ 2016-06-21T11:13:34+08:00 ] 0.0.0.0 /toupiao/index.php/Admin/getJson
INFO: [ route_check ] --START--
INFO: CheckRoute Behavior ::run [ RunTime:0.001000s ]
INFO: [ route_check ] --END-- [ RunTime:0.002000s ]
NOTIC: [8192] preg_replace(): The /e modifier is deprecated, use preg_replace_callback instead D:\wamp\www\toupiao\ThinkPHP\Lib\Core\Dispatcher.class.php 第 132 行.
INFO: [ app_begin ] --START--
INFO: ReadHtmlCache Behavior ::run [ RunTime:0.001001s ]
INFO: [ app_begin ] --END-- [ RunTime:0.001001s ]
NOTIC: [8192] mysql_connect(): The mysql extension is deprecated and will be removed in the future: use mysqli or PDO instead D:\wamp\www\toupiao\ThinkPHP\Lib\Driver\Db\DbMysql.class.php 第 55 行.
SQL: SHOW COLUMNS FROM `tp_cache` [ RunTime:0.004000s ]
NOTIC: [8192] preg_replace(): The /e modifier is deprecated, use preg_replace_callback instead D:\wamp\www\toupiao\ThinkPHP\Lib\Core\Db.class.php 第 605 行.
SQL: SELECT access_token as token,jsapi_ticket as jsapi FROM `tp_cache` WHERE ( id = 1 ) LIMIT 1   [ RunTime:0.000000s ]

[ 2016-06-21T11:13:34+08:00 ] 0.0.0.0 /toupiao/index.php/Admin/getJson
INFO: [ route_check ] --START--
INFO: CheckRoute Behavior ::run [ RunTime:0.000000s ]
INFO: [ route_check ] --END-- [ RunTime:0.000000s ]
NOTIC: [8192] preg_replace(): The /e modifier is deprecated, use preg_replace_callback instead D:\wamp\www\toupiao\ThinkPHP\Lib\Core\Dispatcher.class.php 第 132 行.
INFO: [ app_begin ] --START--
INFO: ReadHtmlCache Behavior ::run [ RunTime:0.000000s ]
INFO: [ app_begin ] --END-- [ RunTime:0.001000s ]
NOTIC: [8192] mysql_connect(): The mysql extension is deprecated and will be removed in the future: use mysqli or PDO instead D:\wamp\www\toupiao\ThinkPHP\Lib\Driver\Db\DbMysql.class.php 第 55 行.
SQL: SHOW COLUMNS FROM `tp_cache` [ RunTime:0.002000s ]
NOTIC: [8192] preg_replace(): The /e modifier is deprecated, use preg_replace_callback instead D:\wamp\www\toupiao\ThinkPHP\Lib\Core\Db.class.php 第 605 行.
SQL: SELECT access_token as token,jsapi_ticket as jsapi FROM `tp_cache` WHERE ( id = 1 ) LIMIT 1   [ RunTime:0.000000s ]

[ 2016-06-21T11:13:42+08:00 ] 0.0.0.0 /toupiao/index.php/Admin/getJson
INFO: [ route_check ] --START--
INFO: CheckRoute Behavior ::run [ RunTime:0.001000s ]
INFO: [ route_check ] --END-- [ RunTime:0.001000s ]
NOTIC: [8192] preg_replace(): The /e modifier is deprecated, use preg_replace_callback instead D:\wamp\www\toupiao\ThinkPHP\Lib\Core\Dispatcher.class.php 第 132 行.
INFO: [ app_begin ] --START--
INFO: ReadHtmlCache Behavior ::run [ RunTime:0.001000s ]
INFO: [ app_begin ] --END-- [ RunTime:0.001000s ]
NOTIC: [8192] mysql_connect(): The mysql extension is deprecated and will be removed in the future: use mysqli or PDO instead D:\wamp\www\toupiao\ThinkPHP\Lib\Driver\Db\DbMysql.class.php 第 55 行.
SQL: SHOW COLUMNS FROM `tp_cache` [ RunTime:0.004000s ]
NOTIC: [8192] preg_replace(): The /e modifier is deprecated, use preg_replace_callback instead D:\wamp\www\toupiao\ThinkPHP\Lib\Core\Db.class.php 第 605 行.
SQL: SELECT access_token as token,jsapi_ticket as jsapi FROM `tp_cache` WHERE ( id = 1 ) LIMIT 1   [ RunTime:0.000000s ]

[ 2016-06-21T11:13:43+08:00 ] 0.0.0.0 /toupiao/index.php/Admin/getJson
INFO: [ route_check ] --START--
INFO: CheckRoute Behavior ::run [ RunTime:0.001000s ]
INFO: [ route_check ] --END-- [ RunTime:0.001000s ]
NOTIC: [8192] preg_replace(): The /e modifier is deprecated, use preg_replace_callback instead D:\wamp\www\toupiao\ThinkPHP\Lib\Core\Dispatcher.class.php 第 132 行.
INFO: [ app_begin ] --START--
INFO: ReadHtmlCache Behavior ::run [ RunTime:0.000000s ]
INFO: [ app_begin ] --END-- [ RunTime:0.000000s ]
NOTIC: [8192] mysql_connect(): The mysql extension is deprecated and will be removed in the future: use mysqli or PDO instead D:\wamp\www\toupiao\ThinkPHP\Lib\Driver\Db\DbMysql.class.php 第 55 行.
SQL: SHOW COLUMNS FROM `tp_cache` [ RunTime:0.002000s ]
NOTIC: [8192] preg_replace(): The /e modifier is deprecated, use preg_replace_callback instead D:\wamp\www\toupiao\ThinkPHP\Lib\Core\Db.class.php 第 605 行.
SQL: SELECT access_token as token,jsapi_ticket as jsapi FROM `tp_cache` WHERE ( id = 1 ) LIMIT 1   [ RunTime:0.000000s ]

[ 2016-06-21T11:13:55+08:00 ] 0.0.0.0 /toupiao/index.php/Admin/getJson
INFO: [ route_check ] --START--
INFO: CheckRoute Behavior ::run [ RunTime:0.001000s ]
INFO: [ route_check ] --END-- [ RunTime:0.001000s ]
NOTIC: [8192] preg_replace(): The /e modifier is deprecated, use preg_replace_callback instead D:\wamp\www\toupiao\ThinkPHP\Lib\Core\Dispatcher.class.php 第 132 行.
INFO: [ app_begin ] --START--
INFO: ReadHtmlCache Behavior ::run [ RunTime:0.001000s ]
INFO: [ app_begin ] --END-- [ RunTime:0.001000s ]
NOTIC: [8192] mysql_connect(): The mysql extension is deprecated and will be removed in the future: use mysqli or PDO instead D:\wamp\www\toupiao\ThinkPHP\Lib\Driver\Db\DbMysql.class.php 第 55 行.
SQL: SHOW COLUMNS FROM `tp_cache` [ RunTime:0.003000s ]
NOTIC: [8192] preg_replace(): The /e modifier is deprecated, use preg_replace_callback instead D:\wamp\www\toupiao\ThinkPHP\Lib\Core\Db.class.php 第 605 行.
SQL: SELECT access_token as token,jsapi_ticket as jsapi FROM `tp_cache` WHERE ( id = 1 ) LIMIT 1   [ RunTime:0.001000s ]
NOTIC: [2] mysql_fetch_assoc() expects parameter 1 to be resource, boolean given D:\wamp\www\toupiao\vote\Lib\Action\AdminAction.class.php 第 10 行.

[ 2016-06-21T11:13:56+08:00 ] 0.0.0.0 /toupiao/index.php/Admin/getJson
INFO: [ route_check ] --START--
INFO: CheckRoute Behavior ::run [ RunTime:0.002000s ]
INFO: [ route_check ] --END-- [ RunTime:0.002000s ]
NOTIC: [8192] preg_replace(): The /e modifier is deprecated, use preg_replace_callback instead D:\wamp\www\toupiao\ThinkPHP\Lib\Core\Dispatcher.class.php 第 132 行.
INFO: [ app_begin ] --START--
INFO: ReadHtmlCache Behavior ::run [ RunTime:0.001000s ]
INFO: [ app_begin ] --END-- [ RunTime:0.001000s ]
NOTIC: [8192] mysql_connect(): The mysql extension is deprecated and will be removed in the future: use mysqli or PDO instead D:\wamp\www\toupiao\ThinkPHP\Lib\Driver\Db\DbMysql.class.php 第 55 行.
SQL: SHOW COLUMNS FROM `tp_cache` [ RunTime:0.003001s ]
NOTIC: [8192] preg_replace(): The /e modifier is deprecated, use preg_replace_callback instead D:\wamp\www\toupiao\ThinkPHP\Lib\Core\Db.class.php 第 605 行.
SQL: SELECT access_token as token,jsapi_ticket as jsapi FROM `tp_cache` WHERE ( id = 1 ) LIMIT 1   [ RunTime:0.001000s ]
NOTIC: [2] mysql_fetch_assoc() expects parameter 1 to be resource, boolean given D:\wamp\www\toupiao\vote\Lib\Action\AdminAction.class.php 第 10 行.

[ 2016-06-21T11:13:56+08:00 ] 0.0.0.0 /toupiao/index.php/Admin/getJson
INFO: [ route_check ] --START--
INFO: CheckRoute Behavior ::run [ RunTime:0.001000s ]
INFO: [ route_check ] --END-- [ RunTime:0.001000s ]
NOTIC: [8192] preg_replace(): The /e modifier is deprecated, use preg_replace_callback instead D:\wamp\www\toupiao\ThinkPHP\Lib\Core\Dispatcher.class.php 第 132 行.
INFO: [ app_begin ] --START--
INFO: ReadHtmlCache Behavior ::run [ RunTime:0.001000s ]
INFO: [ app_begin ] --END-- [ RunTime:0.001000s ]
NOTIC: [8192] mysql_connect(): The mysql extension is deprecated and will be removed in the future: use mysqli or PDO instead D:\wamp\www\toupiao\ThinkPHP\Lib\Driver\Db\DbMysql.class.php 第 55 行.
SQL: SHOW COLUMNS FROM `tp_cache` [ RunTime:0.002000s ]
NOTIC: [8192] preg_replace(): The /e modifier is deprecated, use preg_replace_callback instead D:\wamp\www\toupiao\ThinkPHP\Lib\Core\Db.class.php 第 605 行.
SQL: SELECT access_token as token,jsapi_ticket as jsapi FROM `tp_cache` WHERE ( id = 1 ) LIMIT 1   [ RunTime:0.000000s ]
NOTIC: [2] mysql_fetch_assoc() expects parameter 1 to be resource, boolean given D:\wamp\www\toupiao\vote\Lib\Action\AdminAction.class.php 第 10 行.

[ 2016-06-21T11:13:57+08:00 ] 0.0.0.0 /toupiao/index.php/Admin/getJson
INFO: [ route_check ] --START--
INFO: CheckRoute Behavior ::run [ RunTime:0.001000s ]
INFO: [ route_check ] --END-- [ RunTime:0.001000s ]
NOTIC: [8192] preg_replace(): The /e modifier is deprecated, use preg_replace_callback instead D:\wamp\www\toupiao\ThinkPHP\Lib\Core\Dispatcher.class.php 第 132 行.
INFO: [ app_begin ] --START--
INFO: ReadHtmlCache Behavior ::run [ RunTime:0.001000s ]
INFO: [ app_begin ] --END-- [ RunTime:0.001000s ]
NOTIC: [8192] mysql_connect(): The mysql extension is deprecated and will be removed in the future: use mysqli or PDO instead D:\wamp\www\toupiao\ThinkPHP\Lib\Driver\Db\DbMysql.class.php 第 55 行.
SQL: SHOW COLUMNS FROM `tp_cache` [ RunTime:0.004000s ]
NOTIC: [8192] preg_replace(): The /e modifier is deprecated, use preg_replace_callback instead D:\wamp\www\toupiao\ThinkPHP\Lib\Core\Db.class.php 第 605 行.
SQL: SELECT access_token as token,jsapi_ticket as jsapi FROM `tp_cache` WHERE ( id = 1 ) LIMIT 1   [ RunTime:0.000000s ]
NOTIC: [2] mysql_fetch_assoc() expects parameter 1 to be resource, boolean given D:\wamp\www\toupiao\vote\Lib\Action\AdminAction.class.php 第 10 行.

[ 2016-06-21T11:14:04+08:00 ] 0.0.0.0 /toupiao/index.php/Admin/getJson
INFO: [ route_check ] --START--
INFO: CheckRoute Behavior ::run [ RunTime:0.001000s ]
INFO: [ route_check ] --END-- [ RunTime:0.001000s ]
NOTIC: [8192] preg_replace(): The /e modifier is deprecated, use preg_replace_callback instead D:\wamp\www\toupiao\ThinkPHP\Lib\Core\Dispatcher.class.php 第 132 行.
INFO: [ app_begin ] --START--
INFO: ReadHtmlCache Behavior ::run [ RunTime:0.000000s ]
INFO: [ app_begin ] --END-- [ RunTime:0.001001s ]
NOTIC: [8192] mysql_connect(): The mysql extension is deprecated and will be removed in the future: use mysqli or PDO instead D:\wamp\www\toupiao\ThinkPHP\Lib\Driver\Db\DbMysql.class.php 第 55 行.
SQL: SHOW COLUMNS FROM `tp_cache` [ RunTime:0.003001s ]
NOTIC: [8192] preg_replace(): The /e modifier is deprecated, use preg_replace_callback instead D:\wamp\www\toupiao\ThinkPHP\Lib\Core\Db.class.php 第 605 行.
SQL: SELECT access_token as token,jsapi_ticket as jsapi FROM `tp_cache` WHERE ( id = 1 ) LIMIT 1   [ RunTime:0.000000s ]
NOTIC: [2] mysql_fetch_assoc() expects parameter 1 to be resource, boolean given D:\wamp\www\toupiao\vote\Lib\Action\AdminAction.class.php 第 10 行.

[ 2016-06-21T11:14:05+08:00 ] 0.0.0.0 /toupiao/index.php/Admin/getJson
INFO: [ route_check ] --START--
INFO: CheckRoute Behavior ::run [ RunTime:0.002000s ]
INFO: [ route_check ] --END-- [ RunTime:0.002000s ]
NOTIC: [8192] preg_replace(): The /e modifier is deprecated, use preg_replace_callback instead D:\wamp\www\toupiao\ThinkPHP\Lib\Core\Dispatcher.class.php 第 132 行.
INFO: [ app_begin ] --START--
INFO: ReadHtmlCache Behavior ::run [ RunTime:0.000000s ]
INFO: [ app_begin ] --END-- [ RunTime:0.001000s ]
NOTIC: [8192] mysql_connect(): The mysql extension is deprecated and will be removed in the future: use mysqli or PDO instead D:\wamp\www\toupiao\ThinkPHP\Lib\Driver\Db\DbMysql.class.php 第 55 行.
SQL: SHOW COLUMNS FROM `tp_cache` [ RunTime:0.003000s ]
NOTIC: [8192] preg_replace(): The /e modifier is deprecated, use preg_replace_callback instead D:\wamp\www\toupiao\ThinkPHP\Lib\Core\Db.class.php 第 605 行.
SQL: SELECT access_token as token,jsapi_ticket as jsapi FROM `tp_cache` WHERE ( id = 1 ) LIMIT 1   [ RunTime:0.001001s ]
NOTIC: [2] mysql_fetch_assoc() expects parameter 1 to be resource, boolean given D:\wamp\www\toupiao\vote\Lib\Action\AdminAction.class.php 第 10 行.

[ 2016-06-21T11:14:05+08:00 ] 0.0.0.0 /toupiao/index.php/Admin/getJson
INFO: [ route_check ] --START--
INFO: CheckRoute Behavior ::run [ RunTime:0.002000s ]
INFO: [ route_check ] --END-- [ RunTime:0.002000s ]
NOTIC: [8192] preg_replace(): The /e modifier is deprecated, use preg_replace_callback instead D:\wamp\www\toupiao\ThinkPHP\Lib\Core\Dispatcher.class.php 第 132 行.
INFO: [ app_begin ] --START--
INFO: ReadHtmlCache Behavior ::run [ RunTime:0.001001s ]
INFO: [ app_begin ] --END-- [ RunTime:0.003001s ]
NOTIC: [8192] mysql_connect(): The mysql extension is deprecated and will be removed in the future: use mysqli or PDO instead D:\wamp\www\toupiao\ThinkPHP\Lib\Driver\Db\DbMysql.class.php 第 55 行.
SQL: SHOW COLUMNS FROM `tp_cache` [ RunTime:0.003000s ]
NOTIC: [8192] preg_replace(): The /e modifier is deprecated, use preg_replace_callback instead D:\wamp\www\toupiao\ThinkPHP\Lib\Core\Db.class.php 第 605 行.
SQL: SELECT access_token as token,jsapi_ticket as jsapi FROM `tp_cache` WHERE ( id = 1 ) LIMIT 1   [ RunTime:0.001000s ]
NOTIC: [2] mysql_fetch_assoc() expects parameter 1 to be resource, boolean given D:\wamp\www\toupiao\vote\Lib\Action\AdminAction.class.php 第 10 行.

[ 2016-06-21T11:14:05+08:00 ] 0.0.0.0 /toupiao/index.php/Admin/getJson
INFO: [ route_check ] --START--
INFO: CheckRoute Behavior ::run [ RunTime:0.001000s ]
INFO: [ route_check ] --END-- [ RunTime:0.001000s ]
NOTIC: [8192] preg_replace(): The /e modifier is deprecated, use preg_replace_callback instead D:\wamp\www\toupiao\ThinkPHP\Lib\Core\Dispatcher.class.php 第 132 行.
INFO: [ app_begin ] --START--
INFO: ReadHtmlCache Behavior ::run [ RunTime:0.000000s ]
INFO: [ app_begin ] --END-- [ RunTime:0.000000s ]
NOTIC: [8192] mysql_connect(): The mysql extension is deprecated and will be removed in the future: use mysqli or PDO instead D:\wamp\www\toupiao\ThinkPHP\Lib\Driver\Db\DbMysql.class.php 第 55 行.
SQL: SHOW COLUMNS FROM `tp_cache` [ RunTime:0.002000s ]
NOTIC: [8192] preg_replace(): The /e modifier is deprecated, use preg_replace_callback instead D:\wamp\www\toupiao\ThinkPHP\Lib\Core\Db.class.php 第 605 行.
SQL: SELECT access_token as token,jsapi_ticket as jsapi FROM `tp_cache` WHERE ( id = 1 ) LIMIT 1   [ RunTime:0.000000s ]
NOTIC: [2] mysql_fetch_assoc() expects parameter 1 to be resource, boolean given D:\wamp\www\toupiao\vote\Lib\Action\AdminAction.class.php 第 10 行.

[ 2016-06-21T11:14:06+08:00 ] 0.0.0.0 /toupiao/index.php/Admin/getJson
INFO: [ route_check ] --START--
INFO: CheckRoute Behavior ::run [ RunTime:0.000000s ]
INFO: [ route_check ] --END-- [ RunTime:0.000000s ]
NOTIC: [8192] preg_replace(): The /e modifier is deprecated, use preg_replace_callback instead D:\wamp\www\toupiao\ThinkPHP\Lib\Core\Dispatcher.class.php 第 132 行.
INFO: [ app_begin ] --START--
INFO: ReadHtmlCache Behavior ::run [ RunTime:0.000000s ]
INFO: [ app_begin ] --END-- [ RunTime:0.000000s ]
NOTIC: [8192] mysql_connect(): The mysql extension is deprecated and will be removed in the future: use mysqli or PDO instead D:\wamp\www\toupiao\ThinkPHP\Lib\Driver\Db\DbMysql.class.php 第 55 行.
SQL: SHOW COLUMNS FROM `tp_cache` [ RunTime:0.003001s ]
NOTIC: [8192] preg_replace(): The /e modifier is deprecated, use preg_replace_callback instead D:\wamp\www\toupiao\ThinkPHP\Lib\Core\Db.class.php 第 605 行.
SQL: SELECT access_token as token,jsapi_ticket as jsapi FROM `tp_cache` WHERE ( id = 1 ) LIMIT 1   [ RunTime:0.001000s ]
NOTIC: [2] mysql_fetch_assoc() expects parameter 1 to be resource, boolean given D:\wamp\www\toupiao\vote\Lib\Action\AdminAction.class.php 第 10 行.

[ 2016-06-21T11:14:07+08:00 ] 0.0.0.0 /toupiao/index.php/Admin/getJson
INFO: [ route_check ] --START--
INFO: CheckRoute Behavior ::run [ RunTime:0.001000s ]
INFO: [ route_check ] --END-- [ RunTime:0.002000s ]
NOTIC: [8192] preg_replace(): The /e modifier is deprecated, use preg_replace_callback instead D:\wamp\www\toupiao\ThinkPHP\Lib\Core\Dispatcher.class.php 第 132 行.
INFO: [ app_begin ] --START--
INFO: ReadHtmlCache Behavior ::run [ RunTime:0.001000s ]
INFO: [ app_begin ] --END-- [ RunTime:0.001000s ]
NOTIC: [8192] mysql_connect(): The mysql extension is deprecated and will be removed in the future: use mysqli or PDO instead D:\wamp\www\toupiao\ThinkPHP\Lib\Driver\Db\DbMysql.class.php 第 55 行.
SQL: SHOW COLUMNS FROM `tp_cache` [ RunTime:0.002000s ]
NOTIC: [8192] preg_replace(): The /e modifier is deprecated, use preg_replace_callback instead D:\wamp\www\toupiao\ThinkPHP\Lib\Core\Db.class.php 第 605 行.
SQL: SELECT access_token as token,jsapi_ticket as jsapi FROM `tp_cache` WHERE ( id = 1 ) LIMIT 1   [ RunTime:0.000000s ]
NOTIC: [2] mysql_fetch_assoc() expects parameter 1 to be resource, boolean given D:\wamp\www\toupiao\vote\Lib\Action\AdminAction.class.php 第 10 行.

[ 2016-06-21T11:14:15+08:00 ] 0.0.0.0 /toupiao/index.php/Admin/getJson
INFO: [ route_check ] --START--
INFO: CheckRoute Behavior ::run [ RunTime:0.001000s ]
INFO: [ route_check ] --END-- [ RunTime:0.001000s ]
NOTIC: [8192] preg_replace(): The /e modifier is deprecated, use preg_replace_callback instead D:\wamp\www\toupiao\ThinkPHP\Lib\Core\Dispatcher.class.php 第 132 行.
INFO: [ app_begin ] --START--
INFO: ReadHtmlCache Behavior ::run [ RunTime:0.001000s ]
INFO: [ app_begin ] --END-- [ RunTime:0.001000s ]
NOTIC: [8192] mysql_connect(): The mysql extension is deprecated and will be removed in the future: use mysqli or PDO instead D:\wamp\www\toupiao\ThinkPHP\Lib\Driver\Db\DbMysql.class.php 第 55 行.
SQL: SHOW COLUMNS FROM `tp_cache` [ RunTime:0.002000s ]
NOTIC: [8192] preg_replace(): The /e modifier is deprecated, use preg_replace_callback instead D:\wamp\www\toupiao\ThinkPHP\Lib\Core\Db.class.php 第 605 行.
SQL: SELECT access_token as token,jsapi_ticket as jsapi FROM `tp_cache` WHERE ( id = 1 ) LIMIT 1   [ RunTime:0.000000s ]
NOTIC: [2] mysql_fetch_assoc() expects parameter 1 to be resource, boolean given D:\wamp\www\toupiao\vote\Lib\Action\AdminAction.class.php 第 10 行.

[ 2016-06-21T11:14:15+08:00 ] 0.0.0.0 /toupiao/index.php/Admin/getJson
INFO: [ route_check ] --START--
INFO: CheckRoute Behavior ::run [ RunTime:0.000000s ]
INFO: [ route_check ] --END-- [ RunTime:0.001000s ]
NOTIC: [8192] preg_replace(): The /e modifier is deprecated, use preg_replace_callback instead D:\wamp\www\toupiao\ThinkPHP\Lib\Core\Dispatcher.class.php 第 132 行.
INFO: [ app_begin ] --START--
INFO: ReadHtmlCache Behavior ::run [ RunTime:0.000000s ]
INFO: [ app_begin ] --END-- [ RunTime:0.000000s ]
NOTIC: [8192] mysql_connect(): The mysql extension is deprecated and will be removed in the future: use mysqli or PDO instead D:\wamp\www\toupiao\ThinkPHP\Lib\Driver\Db\DbMysql.class.php 第 55 行.
SQL: SHOW COLUMNS FROM `tp_cache` [ RunTime:0.003000s ]
NOTIC: [8192] preg_replace(): The /e modifier is deprecated, use preg_replace_callback instead D:\wamp\www\toupiao\ThinkPHP\Lib\Core\Db.class.php 第 605 行.
SQL: SELECT access_token as token,jsapi_ticket as jsapi FROM `tp_cache` WHERE ( id = 1 ) LIMIT 1   [ RunTime:0.000000s ]
NOTIC: [2] mysql_fetch_assoc() expects parameter 1 to be resource, boolean given D:\wamp\www\toupiao\vote\Lib\Action\AdminAction.class.php 第 10 行.

[ 2016-06-21T11:14:31+08:00 ] 0.0.0.0 /toupiao/index.php/Admin/getJson
INFO: [ route_check ] --START--
INFO: CheckRoute Behavior ::run [ RunTime:0.001000s ]
INFO: [ route_check ] --END-- [ RunTime:0.001000s ]
NOTIC: [8192] preg_replace(): The /e modifier is deprecated, use preg_replace_callback instead D:\wamp\www\toupiao\ThinkPHP\Lib\Core\Dispatcher.class.php 第 132 行.
INFO: [ app_begin ] --START--
INFO: ReadHtmlCache Behavior ::run [ RunTime:0.001000s ]
INFO: [ app_begin ] --END-- [ RunTime:0.001000s ]
NOTIC: [8192] mysql_connect(): The mysql extension is deprecated and will be removed in the future: use mysqli or PDO instead D:\wamp\www\toupiao\ThinkPHP\Lib\Driver\Db\DbMysql.class.php 第 55 行.
SQL: SHOW COLUMNS FROM `tp_cache` [ RunTime:0.004001s ]
NOTIC: [8192] preg_replace(): The /e modifier is deprecated, use preg_replace_callback instead D:\wamp\www\toupiao\ThinkPHP\Lib\Core\Db.class.php 第 605 行.
SQL: SELECT access_token as token,jsapi_ticket as jsapi FROM `tp_cache` WHERE ( id = 1 ) LIMIT 1   [ RunTime:0.000000s ]
NOTIC: [2] mysql_fetch_assoc() expects parameter 1 to be resource, boolean given D:\wamp\www\toupiao\vote\Lib\Action\AdminAction.class.php 第 10 行.

[ 2016-06-21T11:14:31+08:00 ] 0.0.0.0 /toupiao/index.php/Admin/getJson
INFO: [ route_check ] --START--
INFO: CheckRoute Behavior ::run [ RunTime:0.000000s ]
INFO: [ route_check ] --END-- [ RunTime:0.001000s ]
NOTIC: [8192] preg_replace(): The /e modifier is deprecated, use preg_replace_callback instead D:\wamp\www\toupiao\ThinkPHP\Lib\Core\Dispatcher.class.php 第 132 行.
INFO: [ app_begin ] --START--
INFO: ReadHtmlCache Behavior ::run [ RunTime:0.001000s ]
INFO: [ app_begin ] --END-- [ RunTime:0.001000s ]
NOTIC: [8192] mysql_connect(): The mysql extension is deprecated and will be removed in the future: use mysqli or PDO instead D:\wamp\www\toupiao\ThinkPHP\Lib\Driver\Db\DbMysql.class.php 第 55 行.
SQL: SHOW COLUMNS FROM `tp_cache` [ RunTime:0.003001s ]
NOTIC: [8192] preg_replace(): The /e modifier is deprecated, use preg_replace_callback instead D:\wamp\www\toupiao\ThinkPHP\Lib\Core\Db.class.php 第 605 行.
SQL: SELECT access_token as token,jsapi_ticket as jsapi FROM `tp_cache` WHERE ( id = 1 ) LIMIT 1   [ RunTime:0.000000s ]
NOTIC: [2] mysql_fetch_assoc() expects parameter 1 to be resource, boolean given D:\wamp\www\toupiao\vote\Lib\Action\AdminAction.class.php 第 10 行.

[ 2016-06-21T11:14:41+08:00 ] 0.0.0.0 /toupiao/index.php/Admin/getJson
INFO: [ route_check ] --START--
INFO: CheckRoute Behavior ::run [ RunTime:0.000000s ]
INFO: [ route_check ] --END-- [ RunTime:0.000000s ]
NOTIC: [8192] preg_replace(): The /e modifier is deprecated, use preg_replace_callback instead D:\wamp\www\toupiao\ThinkPHP\Lib\Core\Dispatcher.class.php 第 132 行.
INFO: [ app_begin ] --START--
INFO: ReadHtmlCache Behavior ::run [ RunTime:0.000000s ]
INFO: [ app_begin ] --END-- [ RunTime:0.000000s ]
NOTIC: [8192] mysql_connect(): The mysql extension is deprecated and will be removed in the future: use mysqli or PDO instead D:\wamp\www\toupiao\ThinkPHP\Lib\Driver\Db\DbMysql.class.php 第 55 行.
SQL: SHOW COLUMNS FROM `tp_cache` [ RunTime:0.002000s ]
NOTIC: [8192] preg_replace(): The /e modifier is deprecated, use preg_replace_callback instead D:\wamp\www\toupiao\ThinkPHP\Lib\Core\Db.class.php 第 605 行.
SQL: SELECT access_token as token,jsapi_ticket as jsapi FROM `tp_cache` WHERE ( id = 1 ) LIMIT 1   [ RunTime:0.000000s ]
NOTIC: [2] mysql_fetch_assoc() expects parameter 1 to be resource, boolean given D:\wamp\www\toupiao\vote\Lib\Action\AdminAction.class.php 第 10 行.

[ 2016-06-21T11:14:41+08:00 ] 0.0.0.0 /toupiao/index.php/Admin/getJson
INFO: [ route_check ] --START--
INFO: CheckRoute Behavior ::run [ RunTime:0.000000s ]
INFO: [ route_check ] --END-- [ RunTime:0.000000s ]
NOTIC: [8192] preg_replace(): The /e modifier is deprecated, use preg_replace_callback instead D:\wamp\www\toupiao\ThinkPHP\Lib\Core\Dispatcher.class.php 第 132 行.
INFO: [ app_begin ] --START--
INFO: ReadHtmlCache Behavior ::run [ RunTime:0.000000s ]
INFO: [ app_begin ] --END-- [ RunTime:0.001000s ]
NOTIC: [8192] mysql_connect(): The mysql extension is deprecated and will be removed in the future: use mysqli or PDO instead D:\wamp\www\toupiao\ThinkPHP\Lib\Driver\Db\DbMysql.class.php 第 55 行.
SQL: SHOW COLUMNS FROM `tp_cache` [ RunTime:0.002000s ]
NOTIC: [8192] preg_replace(): The /e modifier is deprecated, use preg_replace_callback instead D:\wamp\www\toupiao\ThinkPHP\Lib\Core\Db.class.php 第 605 行.
SQL: SELECT access_token as token,jsapi_ticket as jsapi FROM `tp_cache` WHERE ( id = 1 ) LIMIT 1   [ RunTime:0.000000s ]
NOTIC: [2] mysql_fetch_assoc() expects parameter 1 to be resource, boolean given D:\wamp\www\toupiao\vote\Lib\Action\AdminAction.class.php 第 10 行.

[ 2016-06-21T11:14:47+08:00 ] 0.0.0.0 /toupiao/index.php/Admin/getJson
INFO: [ route_check ] --START--
INFO: CheckRoute Behavior ::run [ RunTime:0.001000s ]
INFO: [ route_check ] --END-- [ RunTime:0.001000s ]
NOTIC: [8192] preg_replace(): The /e modifier is deprecated, use preg_replace_callback instead D:\wamp\www\toupiao\ThinkPHP\Lib\Core\Dispatcher.class.php 第 132 行.
INFO: [ app_begin ] --START--
INFO: ReadHtmlCache Behavior ::run [ RunTime:0.001000s ]
INFO: [ app_begin ] --END-- [ RunTime:0.001000s ]
NOTIC: [8192] mysql_connect(): The mysql extension is deprecated and will be removed in the future: use mysqli or PDO instead D:\wamp\www\toupiao\ThinkPHP\Lib\Driver\Db\DbMysql.class.php 第 55 行.
SQL: SHOW COLUMNS FROM `tp_cache` [ RunTime:0.002000s ]
NOTIC: [8192] preg_replace(): The /e modifier is deprecated, use preg_replace_callback instead D:\wamp\www\toupiao\ThinkPHP\Lib\Core\Db.class.php 第 605 行.
SQL: SELECT access_token as token,jsapi_ticket as jsapi FROM `tp_cache` WHERE ( id = 1 ) LIMIT 1   [ RunTime:0.001000s ]
NOTIC: [2] mysql_fetch_assoc() expects parameter 1 to be resource, boolean given D:\wamp\www\toupiao\vote\Lib\Action\AdminAction.class.php 第 10 行.

[ 2016-06-21T11:14:48+08:00 ] 0.0.0.0 /toupiao/index.php/Admin/getJson
INFO: [ route_check ] --START--
INFO: CheckRoute Behavior ::run [ RunTime:0.001001s ]
INFO: [ route_check ] --END-- [ RunTime:0.001001s ]
NOTIC: [8192] preg_replace(): The /e modifier is deprecated, use preg_replace_callback instead D:\wamp\www\toupiao\ThinkPHP\Lib\Core\Dispatcher.class.php 第 132 行.
INFO: [ app_begin ] --START--
INFO: ReadHtmlCache Behavior ::run [ RunTime:0.000000s ]
INFO: [ app_begin ] --END-- [ RunTime:0.000000s ]
NOTIC: [8192] mysql_connect(): The mysql extension is deprecated and will be removed in the future: use mysqli or PDO instead D:\wamp\www\toupiao\ThinkPHP\Lib\Driver\Db\DbMysql.class.php 第 55 行.
SQL: SHOW COLUMNS FROM `tp_cache` [ RunTime:0.002001s ]
NOTIC: [8192] preg_replace(): The /e modifier is deprecated, use preg_replace_callback instead D:\wamp\www\toupiao\ThinkPHP\Lib\Core\Db.class.php 第 605 行.
SQL: SELECT access_token as token,jsapi_ticket as jsapi FROM `tp_cache` WHERE ( id = 1 ) LIMIT 1   [ RunTime:0.000000s ]
NOTIC: [2] mysql_fetch_assoc() expects parameter 1 to be resource, boolean given D:\wamp\www\toupiao\vote\Lib\Action\AdminAction.class.php 第 10 行.

[ 2016-06-21T11:14:48+08:00 ] 0.0.0.0 /toupiao/index.php/Admin/getJson
INFO: [ route_check ] --START--
INFO: CheckRoute Behavior ::run [ RunTime:0.001000s ]
INFO: [ route_check ] --END-- [ RunTime:0.002000s ]
NOTIC: [8192] preg_replace(): The /e modifier is deprecated, use preg_replace_callback instead D:\wamp\www\toupiao\ThinkPHP\Lib\Core\Dispatcher.class.php 第 132 行.
INFO: [ app_begin ] --START--
INFO: ReadHtmlCache Behavior ::run [ RunTime:0.001000s ]
INFO: [ app_begin ] --END-- [ RunTime:0.001000s ]
NOTIC: [8192] mysql_connect(): The mysql extension is deprecated and will be removed in the future: use mysqli or PDO instead D:\wamp\www\toupiao\ThinkPHP\Lib\Driver\Db\DbMysql.class.php 第 55 行.
SQL: SHOW COLUMNS FROM `tp_cache` [ RunTime:0.003000s ]
NOTIC: [8192] preg_replace(): The /e modifier is deprecated, use preg_replace_callback instead D:\wamp\www\toupiao\ThinkPHP\Lib\Core\Db.class.php 第 605 行.
SQL: SELECT access_token as token,jsapi_ticket as jsapi FROM `tp_cache` WHERE ( id = 1 ) LIMIT 1   [ RunTime:0.001000s ]
NOTIC: [2] mysql_fetch_assoc() expects parameter 1 to be resource, boolean given D:\wamp\www\toupiao\vote\Lib\Action\AdminAction.class.php 第 10 行.

[ 2016-06-21T11:14:49+08:00 ] 0.0.0.0 /toupiao/index.php/Admin/getJson
INFO: [ route_check ] --START--
INFO: CheckRoute Behavior ::run [ RunTime:0.000000s ]
INFO: [ route_check ] --END-- [ RunTime:0.002000s ]
NOTIC: [8192] preg_replace(): The /e modifier is deprecated, use preg_replace_callback instead D:\wamp\www\toupiao\ThinkPHP\Lib\Core\Dispatcher.class.php 第 132 行.
INFO: [ app_begin ] --START--
INFO: ReadHtmlCache Behavior ::run [ RunTime:0.001000s ]
INFO: [ app_begin ] --END-- [ RunTime:0.001000s ]
NOTIC: [8192] mysql_connect(): The mysql extension is deprecated and will be removed in the future: use mysqli or PDO instead D:\wamp\www\toupiao\ThinkPHP\Lib\Driver\Db\DbMysql.class.php 第 55 行.
SQL: SHOW COLUMNS FROM `tp_cache` [ RunTime:0.003000s ]
NOTIC: [8192] preg_replace(): The /e modifier is deprecated, use preg_replace_callback instead D:\wamp\www\toupiao\ThinkPHP\Lib\Core\Db.class.php 第 605 行.
SQL: SELECT access_token as token,jsapi_ticket as jsapi FROM `tp_cache` WHERE ( id = 1 ) LIMIT 1   [ RunTime:0.001000s ]
NOTIC: [2] mysql_fetch_assoc() expects parameter 1 to be resource, boolean given D:\wamp\www\toupiao\vote\Lib\Action\AdminAction.class.php 第 10 行.

[ 2016-06-21T11:14:49+08:00 ] 0.0.0.0 /toupiao/index.php/Admin/getJson
INFO: [ route_check ] --START--
INFO: CheckRoute Behavior ::run [ RunTime:0.001000s ]
INFO: [ route_check ] --END-- [ RunTime:0.001000s ]
NOTIC: [8192] preg_replace(): The /e modifier is deprecated, use preg_replace_callback instead D:\wamp\www\toupiao\ThinkPHP\Lib\Core\Dispatcher.class.php 第 132 行.
INFO: [ app_begin ] --START--
INFO: ReadHtmlCache Behavior ::run [ RunTime:0.001001s ]
INFO: [ app_begin ] --END-- [ RunTime:0.001001s ]
NOTIC: [8192] mysql_connect(): The mysql extension is deprecated and will be removed in the future: use mysqli or PDO instead D:\wamp\www\toupiao\ThinkPHP\Lib\Driver\Db\DbMysql.class.php 第 55 行.
SQL: SHOW COLUMNS FROM `tp_cache` [ RunTime:0.002001s ]
NOTIC: [8192] preg_replace(): The /e modifier is deprecated, use preg_replace_callback instead D:\wamp\www\toupiao\ThinkPHP\Lib\Core\Db.class.php 第 605 行.
SQL: SELECT access_token as token,jsapi_ticket as jsapi FROM `tp_cache` WHERE ( id = 1 ) LIMIT 1   [ RunTime:0.000000s ]
NOTIC: [2] mysql_fetch_assoc() expects parameter 1 to be resource, boolean given D:\wamp\www\toupiao\vote\Lib\Action\AdminAction.class.php 第 10 行.

[ 2016-06-21T11:14:49+08:00 ] 0.0.0.0 /toupiao/index.php/Admin/getJson
INFO: [ route_check ] --START--
INFO: CheckRoute Behavior ::run [ RunTime:0.002001s ]
INFO: [ route_check ] --END-- [ RunTime:0.002001s ]
NOTIC: [8192] preg_replace(): The /e modifier is deprecated, use preg_replace_callback instead D:\wamp\www\toupiao\ThinkPHP\Lib\Core\Dispatcher.class.php 第 132 行.
INFO: [ app_begin ] --START--
INFO: ReadHtmlCache Behavior ::run [ RunTime:0.001000s ]
INFO: [ app_begin ] --END-- [ RunTime:0.001000s ]
NOTIC: [8192] mysql_connect(): The mysql extension is deprecated and will be removed in the future: use mysqli or PDO instead D:\wamp\www\toupiao\ThinkPHP\Lib\Driver\Db\DbMysql.class.php 第 55 行.
SQL: SHOW COLUMNS FROM `tp_cache` [ RunTime:0.003000s ]
NOTIC: [8192] preg_replace(): The /e modifier is deprecated, use preg_replace_callback instead D:\wamp\www\toupiao\ThinkPHP\Lib\Core\Db.class.php 第 605 行.
SQL: SELECT access_token as token,jsapi_ticket as jsapi FROM `tp_cache` WHERE ( id = 1 ) LIMIT 1   [ RunTime:0.000000s ]
NOTIC: [2] mysql_fetch_assoc() expects parameter 1 to be resource, boolean given D:\wamp\www\toupiao\vote\Lib\Action\AdminAction.class.php 第 10 行.

[ 2016-06-21T11:14:49+08:00 ] 0.0.0.0 /toupiao/index.php/Admin/getJson
INFO: [ route_check ] --START--
INFO: CheckRoute Behavior ::run [ RunTime:0.000000s ]
INFO: [ route_check ] --END-- [ RunTime:0.001000s ]
NOTIC: [8192] preg_replace(): The /e modifier is deprecated, use preg_replace_callback instead D:\wamp\www\toupiao\ThinkPHP\Lib\Core\Dispatcher.class.php 第 132 行.
INFO: [ app_begin ] --START--
INFO: ReadHtmlCache Behavior ::run [ RunTime:0.000000s ]
INFO: [ app_begin ] --END-- [ RunTime:0.001000s ]
NOTIC: [8192] mysql_connect(): The mysql extension is deprecated and will be removed in the future: use mysqli or PDO instead D:\wamp\www\toupiao\ThinkPHP\Lib\Driver\Db\DbMysql.class.php 第 55 行.
SQL: SHOW COLUMNS FROM `tp_cache` [ RunTime:0.004001s ]
NOTIC: [8192] preg_replace(): The /e modifier is deprecated, use preg_replace_callback instead D:\wamp\www\toupiao\ThinkPHP\Lib\Core\Db.class.php 第 605 行.
SQL: SELECT access_token as token,jsapi_ticket as jsapi FROM `tp_cache` WHERE ( id = 1 ) LIMIT 1   [ RunTime:0.001000s ]
NOTIC: [2] mysql_fetch_assoc() expects parameter 1 to be resource, boolean given D:\wamp\www\toupiao\vote\Lib\Action\AdminAction.class.php 第 10 行.

[ 2016-06-21T11:17:07+08:00 ] 0.0.0.0 /toupiao/index.php/Admin/getData
INFO: [ route_check ] --START--
INFO: CheckRoute Behavior ::run [ RunTime:0.001000s ]
INFO: [ route_check ] --END-- [ RunTime:0.002000s ]
NOTIC: [8192] preg_replace(): The /e modifier is deprecated, use preg_replace_callback instead D:\wamp\www\toupiao\ThinkPHP\Lib\Core\Dispatcher.class.php 第 132 行.
INFO: [ app_begin ] --START--
INFO: ReadHtmlCache Behavior ::run [ RunTime:0.001000s ]
INFO: [ app_begin ] --END-- [ RunTime:0.001000s ]
ERR: Model:exec您所请求的方法不存在！

[ 2016-06-21T11:17:19+08:00 ] 0.0.0.0 /toupiao/index.php/Admin/getData
INFO: [ route_check ] --START--
INFO: CheckRoute Behavior ::run [ RunTime:0.001000s ]
INFO: [ route_check ] --END-- [ RunTime:0.002000s ]
NOTIC: [8192] preg_replace(): The /e modifier is deprecated, use preg_replace_callback instead D:\wamp\www\toupiao\ThinkPHP\Lib\Core\Dispatcher.class.php 第 132 行.
INFO: [ app_begin ] --START--
INFO: ReadHtmlCache Behavior ::run [ RunTime:0.001000s ]
INFO: [ app_begin ] --END-- [ RunTime:0.001000s ]
NOTIC: [8192] mysql_connect(): The mysql extension is deprecated and will be removed in the future: use mysqli or PDO instead D:\wamp\www\toupiao\ThinkPHP\Lib\Driver\Db\DbMysql.class.php 第 55 行.
SQL: select * from 'tp_cache' as a where 'a.id'=1 [ RunTime:0.000000s ]
ERR: 1064:You have an error in your SQL syntax; check the manual that corresponds to your MySQL server version for the right syntax to use near ''tp_cache' as a where 'a.id'=1' at line 1
 [ SQL语句 ] : select * from 'tp_cache' as a where 'a.id'=1

[ 2016-06-21T11:17:40+08:00 ] 0.0.0.0 /toupiao/index.php/Admin/getData
INFO: [ route_check ] --START--
INFO: CheckRoute Behavior ::run [ RunTime:0.001000s ]
INFO: [ route_check ] --END-- [ RunTime:0.001000s ]
NOTIC: [8192] preg_replace(): The /e modifier is deprecated, use preg_replace_callback instead D:\wamp\www\toupiao\ThinkPHP\Lib\Core\Dispatcher.class.php 第 132 行.
INFO: [ app_begin ] --START--
INFO: ReadHtmlCache Behavior ::run [ RunTime:0.000000s ]
INFO: [ app_begin ] --END-- [ RunTime:0.000000s ]
NOTIC: [8192] mysql_connect(): The mysql extension is deprecated and will be removed in the future: use mysqli or PDO instead D:\wamp\www\toupiao\ThinkPHP\Lib\Driver\Db\DbMysql.class.php 第 55 行.
SQL: select * from 'tp_cache' as 'a'where 'a.id=1' [ RunTime:0.000000s ]
ERR: 1064:You have an error in your SQL syntax; check the manual that corresponds to your MySQL server version for the right syntax to use near ''tp_cache' as 'a'where 'a.id=1'' at line 1
 [ SQL语句 ] : select * from 'tp_cache' as 'a'where 'a.id=1'

[ 2016-06-21T11:17:41+08:00 ] 0.0.0.0 /toupiao/index.php/Admin/getData
INFO: [ route_check ] --START--
INFO: CheckRoute Behavior ::run [ RunTime:0.001000s ]
INFO: [ route_check ] --END-- [ RunTime:0.001000s ]
NOTIC: [8192] preg_replace(): The /e modifier is deprecated, use preg_replace_callback instead D:\wamp\www\toupiao\ThinkPHP\Lib\Core\Dispatcher.class.php 第 132 行.
INFO: [ app_begin ] --START--
INFO: ReadHtmlCache Behavior ::run [ RunTime:0.001000s ]
INFO: [ app_begin ] --END-- [ RunTime:0.001000s ]
NOTIC: [8192] mysql_connect(): The mysql extension is deprecated and will be removed in the future: use mysqli or PDO instead D:\wamp\www\toupiao\ThinkPHP\Lib\Driver\Db\DbMysql.class.php 第 55 行.
SQL: select * from 'tp_cache' as 'a'where 'a.id=1' [ RunTime:0.000000s ]
ERR: 1064:You have an error in your SQL syntax; check the manual that corresponds to your MySQL server version for the right syntax to use near ''tp_cache' as 'a'where 'a.id=1'' at line 1
 [ SQL语句 ] : select * from 'tp_cache' as 'a'where 'a.id=1'

[ 2016-06-21T11:17:41+08:00 ] 0.0.0.0 /toupiao/index.php/Admin/getData
INFO: [ route_check ] --START--
INFO: CheckRoute Behavior ::run [ RunTime:0.001000s ]
INFO: [ route_check ] --END-- [ RunTime:0.001000s ]
NOTIC: [8192] preg_replace(): The /e modifier is deprecated, use preg_replace_callback instead D:\wamp\www\toupiao\ThinkPHP\Lib\Core\Dispatcher.class.php 第 132 行.
INFO: [ app_begin ] --START--
INFO: ReadHtmlCache Behavior ::run [ RunTime:0.001000s ]
INFO: [ app_begin ] --END-- [ RunTime:0.001000s ]
NOTIC: [8192] mysql_connect(): The mysql extension is deprecated and will be removed in the future: use mysqli or PDO instead D:\wamp\www\toupiao\ThinkPHP\Lib\Driver\Db\DbMysql.class.php 第 55 行.
SQL: select * from 'tp_cache' as 'a'where 'a.id=1' [ RunTime:0.000000s ]
ERR: 1064:You have an error in your SQL syntax; check the manual that corresponds to your MySQL server version for the right syntax to use near ''tp_cache' as 'a'where 'a.id=1'' at line 1
 [ SQL语句 ] : select * from 'tp_cache' as 'a'where 'a.id=1'

[ 2016-06-21T11:18:30+08:00 ] 0.0.0.0 /toupiao/index.php/Admin/getData
INFO: [ route_check ] --START--
INFO: CheckRoute Behavior ::run [ RunTime:0.001000s ]
INFO: [ route_check ] --END-- [ RunTime:0.001000s ]
NOTIC: [8192] preg_replace(): The /e modifier is deprecated, use preg_replace_callback instead D:\wamp\www\toupiao\ThinkPHP\Lib\Core\Dispatcher.class.php 第 132 行.
INFO: [ app_begin ] --START--
INFO: ReadHtmlCache Behavior ::run [ RunTime:0.000000s ]
INFO: [ app_begin ] --END-- [ RunTime:0.002000s ]
NOTIC: [8192] mysql_connect(): The mysql extension is deprecated and will be removed in the future: use mysqli or PDO instead D:\wamp\www\toupiao\ThinkPHP\Lib\Driver\Db\DbMysql.class.php 第 55 行.
SQL: select * from 'tp_cache' as 'a' where 'a.id=1' [ RunTime:0.000000s ]
ERR: 1064:You have an error in your SQL syntax; check the manual that corresponds to your MySQL server version for the right syntax to use near ''tp_cache' as 'a' where 'a.id=1'' at line 1
 [ SQL语句 ] : select * from 'tp_cache' as 'a' where 'a.id=1'

[ 2016-06-21T11:18:46+08:00 ] 0.0.0.0 /toupiao/index.php/Admin/getData
INFO: [ route_check ] --START--
INFO: CheckRoute Behavior ::run [ RunTime:0.001000s ]
INFO: [ route_check ] --END-- [ RunTime:0.002000s ]
NOTIC: [8192] preg_replace(): The /e modifier is deprecated, use preg_replace_callback instead D:\wamp\www\toupiao\ThinkPHP\Lib\Core\Dispatcher.class.php 第 132 行.
INFO: [ app_begin ] --START--
INFO: ReadHtmlCache Behavior ::run [ RunTime:0.001000s ]
INFO: [ app_begin ] --END-- [ RunTime:0.001000s ]
NOTIC: [8192] mysql_connect(): The mysql extension is deprecated and will be removed in the future: use mysqli or PDO instead D:\wamp\www\toupiao\ThinkPHP\Lib\Driver\Db\DbMysql.class.php 第 55 行.
SQL: select * from 'tp_cache' where 'id=1' [ RunTime:0.000000s ]
ERR: 1064:You have an error in your SQL syntax; check the manual that corresponds to your MySQL server version for the right syntax to use near ''tp_cache' where 'id=1'' at line 1
 [ SQL语句 ] : select * from 'tp_cache' where 'id=1'

[ 2016-06-21T11:18:46+08:00 ] 0.0.0.0 /toupiao/index.php/Admin/getData
INFO: [ route_check ] --START--
INFO: CheckRoute Behavior ::run [ RunTime:0.000000s ]
INFO: [ route_check ] --END-- [ RunTime:0.000000s ]
NOTIC: [8192] preg_replace(): The /e modifier is deprecated, use preg_replace_callback instead D:\wamp\www\toupiao\ThinkPHP\Lib\Core\Dispatcher.class.php 第 132 行.
INFO: [ app_begin ] --START--
INFO: ReadHtmlCache Behavior ::run [ RunTime:0.000000s ]
INFO: [ app_begin ] --END-- [ RunTime:0.000000s ]
NOTIC: [8192] mysql_connect(): The mysql extension is deprecated and will be removed in the future: use mysqli or PDO instead D:\wamp\www\toupiao\ThinkPHP\Lib\Driver\Db\DbMysql.class.php 第 55 行.
SQL: select * from 'tp_cache' where 'id=1' [ RunTime:0.000000s ]
ERR: 1064:You have an error in your SQL syntax; check the manual that corresponds to your MySQL server version for the right syntax to use near ''tp_cache' where 'id=1'' at line 1
 [ SQL语句 ] : select * from 'tp_cache' where 'id=1'

[ 2016-06-21T11:18:46+08:00 ] 0.0.0.0 /toupiao/index.php/Admin/getData
INFO: [ route_check ] --START--
INFO: CheckRoute Behavior ::run [ RunTime:0.002000s ]
INFO: [ route_check ] --END-- [ RunTime:0.002000s ]
NOTIC: [8192] preg_replace(): The /e modifier is deprecated, use preg_replace_callback instead D:\wamp\www\toupiao\ThinkPHP\Lib\Core\Dispatcher.class.php 第 132 行.
INFO: [ app_begin ] --START--
INFO: ReadHtmlCache Behavior ::run [ RunTime:0.001000s ]
INFO: [ app_begin ] --END-- [ RunTime:0.002000s ]
NOTIC: [8192] mysql_connect(): The mysql extension is deprecated and will be removed in the future: use mysqli or PDO instead D:\wamp\www\toupiao\ThinkPHP\Lib\Driver\Db\DbMysql.class.php 第 55 行.
SQL: select * from 'tp_cache' where 'id=1' [ RunTime:0.000000s ]
ERR: 1064:You have an error in your SQL syntax; check the manual that corresponds to your MySQL server version for the right syntax to use near ''tp_cache' where 'id=1'' at line 1
 [ SQL语句 ] : select * from 'tp_cache' where 'id=1'

[ 2016-06-21T11:18:46+08:00 ] 0.0.0.0 /toupiao/index.php/Admin/getData
INFO: [ route_check ] --START--
INFO: CheckRoute Behavior ::run [ RunTime:0.001000s ]
INFO: [ route_check ] --END-- [ RunTime:0.001000s ]
NOTIC: [8192] preg_replace(): The /e modifier is deprecated, use preg_replace_callback instead D:\wamp\www\toupiao\ThinkPHP\Lib\Core\Dispatcher.class.php 第 132 行.
INFO: [ app_begin ] --START--
INFO: ReadHtmlCache Behavior ::run [ RunTime:0.001000s ]
INFO: [ app_begin ] --END-- [ RunTime:0.001000s ]
NOTIC: [8192] mysql_connect(): The mysql extension is deprecated and will be removed in the future: use mysqli or PDO instead D:\wamp\www\toupiao\ThinkPHP\Lib\Driver\Db\DbMysql.class.php 第 55 行.
SQL: select * from 'tp_cache' where 'id=1' [ RunTime:0.000000s ]
ERR: 1064:You have an error in your SQL syntax; check the manual that corresponds to your MySQL server version for the right syntax to use near ''tp_cache' where 'id=1'' at line 1
 [ SQL语句 ] : select * from 'tp_cache' where 'id=1'

[ 2016-06-21T11:18:47+08:00 ] 0.0.0.0 /toupiao/index.php/Admin/getData
INFO: [ route_check ] --START--
INFO: CheckRoute Behavior ::run [ RunTime:0.000000s ]
INFO: [ route_check ] --END-- [ RunTime:0.000000s ]
NOTIC: [8192] preg_replace(): The /e modifier is deprecated, use preg_replace_callback instead D:\wamp\www\toupiao\ThinkPHP\Lib\Core\Dispatcher.class.php 第 132 行.
INFO: [ app_begin ] --START--
INFO: ReadHtmlCache Behavior ::run [ RunTime:0.000000s ]
INFO: [ app_begin ] --END-- [ RunTime:0.000000s ]
NOTIC: [8192] mysql_connect(): The mysql extension is deprecated and will be removed in the future: use mysqli or PDO instead D:\wamp\www\toupiao\ThinkPHP\Lib\Driver\Db\DbMysql.class.php 第 55 行.
SQL: select * from 'tp_cache' where 'id=1' [ RunTime:0.000000s ]
ERR: 1064:You have an error in your SQL syntax; check the manual that corresponds to your MySQL server version for the right syntax to use near ''tp_cache' where 'id=1'' at line 1
 [ SQL语句 ] : select * from 'tp_cache' where 'id=1'

[ 2016-06-21T11:18:47+08:00 ] 0.0.0.0 /toupiao/index.php/Admin/getData
INFO: [ route_check ] --START--
INFO: CheckRoute Behavior ::run [ RunTime:0.000000s ]
INFO: [ route_check ] --END-- [ RunTime:0.001000s ]
NOTIC: [8192] preg_replace(): The /e modifier is deprecated, use preg_replace_callback instead D:\wamp\www\toupiao\ThinkPHP\Lib\Core\Dispatcher.class.php 第 132 行.
INFO: [ app_begin ] --START--
INFO: ReadHtmlCache Behavior ::run [ RunTime:0.000000s ]
INFO: [ app_begin ] --END-- [ RunTime:0.000000s ]
NOTIC: [8192] mysql_connect(): The mysql extension is deprecated and will be removed in the future: use mysqli or PDO instead D:\wamp\www\toupiao\ThinkPHP\Lib\Driver\Db\DbMysql.class.php 第 55 行.
SQL: select * from 'tp_cache' where 'id=1' [ RunTime:0.000000s ]
ERR: 1064:You have an error in your SQL syntax; check the manual that corresponds to your MySQL server version for the right syntax to use near ''tp_cache' where 'id=1'' at line 1
 [ SQL语句 ] : select * from 'tp_cache' where 'id=1'

[ 2016-06-21T11:18:57+08:00 ] 0.0.0.0 /toupiao/index.php/Admin/getData
INFO: [ route_check ] --START--
INFO: CheckRoute Behavior ::run [ RunTime:0.001000s ]
INFO: [ route_check ] --END-- [ RunTime:0.001000s ]
NOTIC: [8192] preg_replace(): The /e modifier is deprecated, use preg_replace_callback instead D:\wamp\www\toupiao\ThinkPHP\Lib\Core\Dispatcher.class.php 第 132 行.
INFO: [ app_begin ] --START--
INFO: ReadHtmlCache Behavior ::run [ RunTime:0.001000s ]
INFO: [ app_begin ] --END-- [ RunTime:0.001000s ]
NOTIC: [8192] mysql_connect(): The mysql extension is deprecated and will be removed in the future: use mysqli or PDO instead D:\wamp\www\toupiao\ThinkPHP\Lib\Driver\Db\DbMysql.class.php 第 55 行.
SQL: select * from 'tp_cache' where id=1 [ RunTime:0.000000s ]
ERR: 1064:You have an error in your SQL syntax; check the manual that corresponds to your MySQL server version for the right syntax to use near ''tp_cache' where id=1' at line 1
 [ SQL语句 ] : select * from 'tp_cache' where id=1

[ 2016-06-21T11:18:57+08:00 ] 0.0.0.0 /toupiao/index.php/Admin/getData
INFO: [ route_check ] --START--
INFO: CheckRoute Behavior ::run [ RunTime:0.001000s ]
INFO: [ route_check ] --END-- [ RunTime:0.001000s ]
NOTIC: [8192] preg_replace(): The /e modifier is deprecated, use preg_replace_callback instead D:\wamp\www\toupiao\ThinkPHP\Lib\Core\Dispatcher.class.php 第 132 行.
INFO: [ app_begin ] --START--
INFO: ReadHtmlCache Behavior ::run [ RunTime:0.000000s ]
INFO: [ app_begin ] --END-- [ RunTime:0.001000s ]
NOTIC: [8192] mysql_connect(): The mysql extension is deprecated and will be removed in the future: use mysqli or PDO instead D:\wamp\www\toupiao\ThinkPHP\Lib\Driver\Db\DbMysql.class.php 第 55 行.
SQL: select * from 'tp_cache' where id=1 [ RunTime:0.000000s ]
ERR: 1064:You have an error in your SQL syntax; check the manual that corresponds to your MySQL server version for the right syntax to use near ''tp_cache' where id=1' at line 1
 [ SQL语句 ] : select * from 'tp_cache' where id=1

[ 2016-06-21T11:18:57+08:00 ] 0.0.0.0 /toupiao/index.php/Admin/getData
INFO: [ route_check ] --START--
INFO: CheckRoute Behavior ::run [ RunTime:0.000000s ]
INFO: [ route_check ] --END-- [ RunTime:0.001000s ]
NOTIC: [8192] preg_replace(): The /e modifier is deprecated, use preg_replace_callback instead D:\wamp\www\toupiao\ThinkPHP\Lib\Core\Dispatcher.class.php 第 132 行.
INFO: [ app_begin ] --START--
INFO: ReadHtmlCache Behavior ::run [ RunTime:0.001000s ]
INFO: [ app_begin ] --END-- [ RunTime:0.001000s ]
NOTIC: [8192] mysql_connect(): The mysql extension is deprecated and will be removed in the future: use mysqli or PDO instead D:\wamp\www\toupiao\ThinkPHP\Lib\Driver\Db\DbMysql.class.php 第 55 行.
SQL: select * from 'tp_cache' where id=1 [ RunTime:0.000000s ]
ERR: 1064:You have an error in your SQL syntax; check the manual that corresponds to your MySQL server version for the right syntax to use near ''tp_cache' where id=1' at line 1
 [ SQL语句 ] : select * from 'tp_cache' where id=1

[ 2016-06-21T11:18:58+08:00 ] 0.0.0.0 /toupiao/index.php/Admin/getData
INFO: [ route_check ] --START--
INFO: CheckRoute Behavior ::run [ RunTime:0.001000s ]
INFO: [ route_check ] --END-- [ RunTime:0.001000s ]
NOTIC: [8192] preg_replace(): The /e modifier is deprecated, use preg_replace_callback instead D:\wamp\www\toupiao\ThinkPHP\Lib\Core\Dispatcher.class.php 第 132 行.
INFO: [ app_begin ] --START--
INFO: ReadHtmlCache Behavior ::run [ RunTime:0.001000s ]
INFO: [ app_begin ] --END-- [ RunTime:0.001000s ]
NOTIC: [8192] mysql_connect(): The mysql extension is deprecated and will be removed in the future: use mysqli or PDO instead D:\wamp\www\toupiao\ThinkPHP\Lib\Driver\Db\DbMysql.class.php 第 55 行.
SQL: select * from 'tp_cache' where id=1 [ RunTime:0.000000s ]
ERR: 1064:You have an error in your SQL syntax; check the manual that corresponds to your MySQL server version for the right syntax to use near ''tp_cache' where id=1' at line 1
 [ SQL语句 ] : select * from 'tp_cache' where id=1

[ 2016-06-21T11:19:23+08:00 ] 0.0.0.0 /toupiao/index.php/Admin/getData
INFO: [ route_check ] --START--
INFO: CheckRoute Behavior ::run [ RunTime:0.001000s ]
INFO: [ route_check ] --END-- [ RunTime:0.001000s ]
NOTIC: [8192] preg_replace(): The /e modifier is deprecated, use preg_replace_callback instead D:\wamp\www\toupiao\ThinkPHP\Lib\Core\Dispatcher.class.php 第 132 行.
INFO: [ app_begin ] --START--
INFO: ReadHtmlCache Behavior ::run [ RunTime:0.001000s ]
INFO: [ app_begin ] --END-- [ RunTime:0.001000s ]
NOTIC: [8192] mysql_connect(): The mysql extension is deprecated and will be removed in the future: use mysqli or PDO instead D:\wamp\www\toupiao\ThinkPHP\Lib\Driver\Db\DbMysql.class.php 第 55 行.
SQL: select * from `tp_cache` where 'id'=1 [ RunTime:0.012000s ]

[ 2016-06-21T11:19:44+08:00 ] 0.0.0.0 /toupiao/index.php/Admin/getData
INFO: [ route_check ] --START--
INFO: CheckRoute Behavior ::run [ RunTime:0.001001s ]
INFO: [ route_check ] --END-- [ RunTime:0.001001s ]
NOTIC: [8192] preg_replace(): The /e modifier is deprecated, use preg_replace_callback instead D:\wamp\www\toupiao\ThinkPHP\Lib\Core\Dispatcher.class.php 第 132 行.
INFO: [ app_begin ] --START--
INFO: ReadHtmlCache Behavior ::run [ RunTime:0.000000s ]
INFO: [ app_begin ] --END-- [ RunTime:0.000000s ]
NOTIC: [8192] mysql_connect(): The mysql extension is deprecated and will be removed in the future: use mysqli or PDO instead D:\wamp\www\toupiao\ThinkPHP\Lib\Driver\Db\DbMysql.class.php 第 55 行.
SQL: select * from `tp_cache` where 'id'=1 [ RunTime:0.000000s ]

[ 2016-06-21T11:19:46+08:00 ] 0.0.0.0 /toupiao/index.php/Admin/getData
INFO: [ route_check ] --START--
INFO: CheckRoute Behavior ::run [ RunTime:0.001000s ]
INFO: [ route_check ] --END-- [ RunTime:0.001000s ]
NOTIC: [8192] preg_replace(): The /e modifier is deprecated, use preg_replace_callback instead D:\wamp\www\toupiao\ThinkPHP\Lib\Core\Dispatcher.class.php 第 132 行.
INFO: [ app_begin ] --START--
INFO: ReadHtmlCache Behavior ::run [ RunTime:0.001000s ]
INFO: [ app_begin ] --END-- [ RunTime:0.001000s ]
NOTIC: [8192] mysql_connect(): The mysql extension is deprecated and will be removed in the future: use mysqli or PDO instead D:\wamp\www\toupiao\ThinkPHP\Lib\Driver\Db\DbMysql.class.php 第 55 行.
SQL: select * from `tp_cache` where 'id'=1 [ RunTime:0.000000s ]

[ 2016-06-21T11:19:47+08:00 ] 0.0.0.0 /toupiao/index.php/Admin/getData
INFO: [ route_check ] --START--
INFO: CheckRoute Behavior ::run [ RunTime:0.000000s ]
INFO: [ route_check ] --END-- [ RunTime:0.000000s ]
NOTIC: [8192] preg_replace(): The /e modifier is deprecated, use preg_replace_callback instead D:\wamp\www\toupiao\ThinkPHP\Lib\Core\Dispatcher.class.php 第 132 行.
INFO: [ app_begin ] --START--
INFO: ReadHtmlCache Behavior ::run [ RunTime:0.000000s ]
INFO: [ app_begin ] --END-- [ RunTime:0.000000s ]
NOTIC: [8192] mysql_connect(): The mysql extension is deprecated and will be removed in the future: use mysqli or PDO instead D:\wamp\www\toupiao\ThinkPHP\Lib\Driver\Db\DbMysql.class.php 第 55 行.
SQL: select * from `tp_cache` where 'id'=1 [ RunTime:0.000000s ]

[ 2016-06-21T11:19:47+08:00 ] 0.0.0.0 /toupiao/index.php/Admin/getData
INFO: [ route_check ] --START--
INFO: CheckRoute Behavior ::run [ RunTime:0.001000s ]
INFO: [ route_check ] --END-- [ RunTime:0.001000s ]
NOTIC: [8192] preg_replace(): The /e modifier is deprecated, use preg_replace_callback instead D:\wamp\www\toupiao\ThinkPHP\Lib\Core\Dispatcher.class.php 第 132 行.
INFO: [ app_begin ] --START--
INFO: ReadHtmlCache Behavior ::run [ RunTime:0.001000s ]
INFO: [ app_begin ] --END-- [ RunTime:0.001000s ]
NOTIC: [8192] mysql_connect(): The mysql extension is deprecated and will be removed in the future: use mysqli or PDO instead D:\wamp\www\toupiao\ThinkPHP\Lib\Driver\Db\DbMysql.class.php 第 55 行.
SQL: select * from `tp_cache` where 'id'=1 [ RunTime:0.000000s ]

[ 2016-06-21T11:19:48+08:00 ] 0.0.0.0 /toupiao/index.php/Admin/getData
INFO: [ route_check ] --START--
INFO: CheckRoute Behavior ::run [ RunTime:0.001001s ]
INFO: [ route_check ] --END-- [ RunTime:0.001001s ]
NOTIC: [8192] preg_replace(): The /e modifier is deprecated, use preg_replace_callback instead D:\wamp\www\toupiao\ThinkPHP\Lib\Core\Dispatcher.class.php 第 132 行.
INFO: [ app_begin ] --START--
INFO: ReadHtmlCache Behavior ::run [ RunTime:0.000000s ]
INFO: [ app_begin ] --END-- [ RunTime:0.001000s ]
NOTIC: [8192] mysql_connect(): The mysql extension is deprecated and will be removed in the future: use mysqli or PDO instead D:\wamp\www\toupiao\ThinkPHP\Lib\Driver\Db\DbMysql.class.php 第 55 行.
SQL: select * from `tp_cache` where 'id'=1 [ RunTime:0.001000s ]

[ 2016-06-21T11:19:48+08:00 ] 0.0.0.0 /toupiao/index.php/Admin/getData
INFO: [ route_check ] --START--
INFO: CheckRoute Behavior ::run [ RunTime:0.000000s ]
INFO: [ route_check ] --END-- [ RunTime:0.000000s ]
NOTIC: [8192] preg_replace(): The /e modifier is deprecated, use preg_replace_callback instead D:\wamp\www\toupiao\ThinkPHP\Lib\Core\Dispatcher.class.php 第 132 行.
INFO: [ app_begin ] --START--
INFO: ReadHtmlCache Behavior ::run [ RunTime:0.000000s ]
INFO: [ app_begin ] --END-- [ RunTime:0.000000s ]
NOTIC: [8192] mysql_connect(): The mysql extension is deprecated and will be removed in the future: use mysqli or PDO instead D:\wamp\www\toupiao\ThinkPHP\Lib\Driver\Db\DbMysql.class.php 第 55 行.
SQL: select * from `tp_cache` where 'id'=1 [ RunTime:0.000000s ]

[ 2016-06-21T11:19:48+08:00 ] 0.0.0.0 /toupiao/index.php/Admin/getData
INFO: [ route_check ] --START--
INFO: CheckRoute Behavior ::run [ RunTime:0.001000s ]
INFO: [ route_check ] --END-- [ RunTime:0.001000s ]
NOTIC: [8192] preg_replace(): The /e modifier is deprecated, use preg_replace_callback instead D:\wamp\www\toupiao\ThinkPHP\Lib\Core\Dispatcher.class.php 第 132 行.
INFO: [ app_begin ] --START--
INFO: ReadHtmlCache Behavior ::run [ RunTime:0.001000s ]
INFO: [ app_begin ] --END-- [ RunTime:0.001000s ]
NOTIC: [8192] mysql_connect(): The mysql extension is deprecated and will be removed in the future: use mysqli or PDO instead D:\wamp\www\toupiao\ThinkPHP\Lib\Driver\Db\DbMysql.class.php 第 55 行.
SQL: select * from `tp_cache` where 'id'=1 [ RunTime:0.000000s ]

[ 2016-06-21T11:20:00+08:00 ] 0.0.0.0 /toupiao/index.php/Admin/getData
INFO: [ route_check ] --START--
INFO: CheckRoute Behavior ::run [ RunTime:0.000000s ]
INFO: [ route_check ] --END-- [ RunTime:0.001000s ]
NOTIC: [8192] preg_replace(): The /e modifier is deprecated, use preg_replace_callback instead D:\wamp\www\toupiao\ThinkPHP\Lib\Core\Dispatcher.class.php 第 132 行.
INFO: [ app_begin ] --START--
INFO: ReadHtmlCache Behavior ::run [ RunTime:0.000000s ]
INFO: [ app_begin ] --END-- [ RunTime:0.000000s ]
NOTIC: [8192] mysql_connect(): The mysql extension is deprecated and will be removed in the future: use mysqli or PDO instead D:\wamp\www\toupiao\ThinkPHP\Lib\Driver\Db\DbMysql.class.php 第 55 行.
SQL: select * from `tp_cache` where [ RunTime:0.000000s ]
ERR: 1064:You have an error in your SQL syntax; check the manual that corresponds to your MySQL server version for the right syntax to use near '' at line 1
 [ SQL语句 ] : select * from `tp_cache` where

[ 2016-06-21T11:20:00+08:00 ] 0.0.0.0 /toupiao/index.php/Admin/getData
INFO: [ route_check ] --START--
INFO: CheckRoute Behavior ::run [ RunTime:0.001000s ]
INFO: [ route_check ] --END-- [ RunTime:0.001000s ]
NOTIC: [8192] preg_replace(): The /e modifier is deprecated, use preg_replace_callback instead D:\wamp\www\toupiao\ThinkPHP\Lib\Core\Dispatcher.class.php 第 132 行.
INFO: [ app_begin ] --START--
INFO: ReadHtmlCache Behavior ::run [ RunTime:0.001000s ]
INFO: [ app_begin ] --END-- [ RunTime:0.001000s ]
NOTIC: [8192] mysql_connect(): The mysql extension is deprecated and will be removed in the future: use mysqli or PDO instead D:\wamp\www\toupiao\ThinkPHP\Lib\Driver\Db\DbMysql.class.php 第 55 行.
SQL: select * from `tp_cache` where [ RunTime:0.000000s ]
ERR: 1064:You have an error in your SQL syntax; check the manual that corresponds to your MySQL server version for the right syntax to use near '' at line 1
 [ SQL语句 ] : select * from `tp_cache` where

[ 2016-06-21T11:20:00+08:00 ] 0.0.0.0 /toupiao/index.php/Admin/getData
INFO: [ route_check ] --START--
INFO: CheckRoute Behavior ::run [ RunTime:0.001001s ]
INFO: [ route_check ] --END-- [ RunTime:0.001001s ]
NOTIC: [8192] preg_replace(): The /e modifier is deprecated, use preg_replace_callback instead D:\wamp\www\toupiao\ThinkPHP\Lib\Core\Dispatcher.class.php 第 132 行.
INFO: [ app_begin ] --START--
INFO: ReadHtmlCache Behavior ::run [ RunTime:0.001000s ]
INFO: [ app_begin ] --END-- [ RunTime:0.001000s ]
NOTIC: [8192] mysql_connect(): The mysql extension is deprecated and will be removed in the future: use mysqli or PDO instead D:\wamp\www\toupiao\ThinkPHP\Lib\Driver\Db\DbMysql.class.php 第 55 行.
SQL: select * from `tp_cache` where [ RunTime:0.001000s ]
ERR: 1064:You have an error in your SQL syntax; check the manual that corresponds to your MySQL server version for the right syntax to use near '' at line 1
 [ SQL语句 ] : select * from `tp_cache` where

[ 2016-06-21T11:20:01+08:00 ] 0.0.0.0 /toupiao/index.php/Admin/getData
INFO: [ route_check ] --START--
INFO: CheckRoute Behavior ::run [ RunTime:0.000000s ]
INFO: [ route_check ] --END-- [ RunTime:0.000000s ]
NOTIC: [8192] preg_replace(): The /e modifier is deprecated, use preg_replace_callback instead D:\wamp\www\toupiao\ThinkPHP\Lib\Core\Dispatcher.class.php 第 132 行.
INFO: [ app_begin ] --START--
INFO: ReadHtmlCache Behavior ::run [ RunTime:0.000000s ]
INFO: [ app_begin ] --END-- [ RunTime:0.001000s ]
NOTIC: [8192] mysql_connect(): The mysql extension is deprecated and will be removed in the future: use mysqli or PDO instead D:\wamp\www\toupiao\ThinkPHP\Lib\Driver\Db\DbMysql.class.php 第 55 行.
SQL: select * from `tp_cache` where [ RunTime:0.000000s ]
ERR: 1064:You have an error in your SQL syntax; check the manual that corresponds to your MySQL server version for the right syntax to use near '' at line 1
 [ SQL语句 ] : select * from `tp_cache` where

