[ 2016-05-08T17:38:37+08:00 ] 127.0.0.1 /tp/Index/visits.html
INFO: [ app_begin ] --START--
INFO: ReadHtmlCache Behavior ::run [ RunTime:0.001000s ]
INFO: [ app_begin ] --END-- [ RunTime:0.001000s ]
NOTIC: [2048] Declaration of IndexAction::show() should be compatible with Action::show($content, $charset = '', $contentType = '', $prefix = '') D:\wamp\www\tp\vote\Lib\Action\IndexAction.class.php 第 290 行.
NOTIC: [8192] mysql_connect(): The mysql extension is deprecated and will be removed in the future: use mysqli or PDO instead D:\wamp\www\tp\ThinkPHP\Lib\Driver\Db\DbMysql.class.php 第 55 行.
SQL: SHOW COLUMNS FROM `tp_config` [ RunTime:0.003000s ]
NOTIC: [8192] preg_replace(): The /e modifier is deprecated, use preg_replace_callback instead D:\wamp\www\tp\ThinkPHP\Lib\Core\Db.class.php 第 605 行.
SQL: SELECT * FROM `tp_config` WHERE ( id = 1 ) LIMIT 1   [ RunTime:0.001000s ]
SQL: UPDATE `tp_config` SET `visits`=5812 WHERE ( id=1 ) [ RunTime:1.397080s ]

[ 2016-05-08T17:39:08+08:00 ] 127.0.0.1 /tp/Index/bming.html
INFO: [ app_begin ] --START--
INFO: ReadHtmlCache Behavior ::run [ RunTime:0.000000s ]
INFO: [ app_begin ] --END-- [ RunTime:0.001000s ]
NOTIC: [2048] Declaration of IndexAction::show() should be compatible with Action::show($content, $charset = '', $contentType = '', $prefix = '') D:\wamp\www\tp\vote\Lib\Action\IndexAction.class.php 第 290 行.
NOTIC: [8192] mysql_connect(): The mysql extension is deprecated and will be removed in the future: use mysqli or PDO instead D:\wamp\www\tp\ThinkPHP\Lib\Driver\Db\DbMysql.class.php 第 55 行.
SQL: SHOW COLUMNS FROM `tp_config` [ RunTime:0.003000s ]
NOTIC: [8192] preg_replace(): The /e modifier is deprecated, use preg_replace_callback instead D:\wamp\www\tp\ThinkPHP\Lib\Core\Db.class.php 第 605 行.
SQL: SELECT * FROM `tp_config` WHERE ( id = 1 ) LIMIT 1   [ RunTime:0.000000s ]

[ 2016-05-08T17:39:23+08:00 ] 127.0.0.1 /tp/Index/bming.html
INFO: [ app_begin ] --START--
INFO: ReadHtmlCache Behavior ::run [ RunTime:0.001000s ]
INFO: [ app_begin ] --END-- [ RunTime:0.001000s ]
NOTIC: [2048] Declaration of IndexAction::show() should be compatible with Action::show($content, $charset = '', $contentType = '', $prefix = '') D:\wamp\www\tp\vote\Lib\Action\IndexAction.class.php 第 290 行.
NOTIC: [8192] mysql_connect(): The mysql extension is deprecated and will be removed in the future: use mysqli or PDO instead D:\wamp\www\tp\ThinkPHP\Lib\Driver\Db\DbMysql.class.php 第 55 行.
SQL: SHOW COLUMNS FROM `tp_config` [ RunTime:0.004000s ]
NOTIC: [8192] preg_replace(): The /e modifier is deprecated, use preg_replace_callback instead D:\wamp\www\tp\ThinkPHP\Lib\Core\Db.class.php 第 605 行.
SQL: SELECT * FROM `tp_config` WHERE ( id = 1 ) LIMIT 1   [ RunTime:0.001000s ]

[ 2016-05-08T17:39:44+08:00 ] 127.0.0.1 /tp/Index/visits.html
INFO: [ app_begin ] --START--
INFO: ReadHtmlCache Behavior ::run [ RunTime:0.001000s ]
INFO: [ app_begin ] --END-- [ RunTime:0.001000s ]
NOTIC: [2048] Declaration of IndexAction::show() should be compatible with Action::show($content, $charset = '', $contentType = '', $prefix = '') D:\wamp\www\tp\vote\Lib\Action\IndexAction.class.php 第 290 行.
NOTIC: [8192] mysql_connect(): The mysql extension is deprecated and will be removed in the future: use mysqli or PDO instead D:\wamp\www\tp\ThinkPHP\Lib\Driver\Db\DbMysql.class.php 第 55 行.
SQL: SHOW COLUMNS FROM `tp_config` [ RunTime:0.004000s ]
NOTIC: [8192] preg_replace(): The /e modifier is deprecated, use preg_replace_callback instead D:\wamp\www\tp\ThinkPHP\Lib\Core\Db.class.php 第 605 行.
SQL: SELECT * FROM `tp_config` WHERE ( id = 1 ) LIMIT 1   [ RunTime:0.001000s ]
SQL: UPDATE `tp_config` SET `visits`=5813 WHERE ( id=1 ) [ RunTime:0.089005s ]

[ 2016-05-08T17:40:47+08:00 ] 127.0.0.1 /tp/Index/jieshoa.html
ERR: 非法操作:jieshoa

[ 2016-05-08T17:40:52+08:00 ] 127.0.0.1 /tp/Index/visits.html
INFO: [ app_begin ] --START--
INFO: ReadHtmlCache Behavior ::run [ RunTime:0.000000s ]
INFO: [ app_begin ] --END-- [ RunTime:0.000000s ]
NOTIC: [2048] Declaration of IndexAction::show() should be compatible with Action::show($content, $charset = '', $contentType = '', $prefix = '') D:\wamp\www\tp\vote\Lib\Action\IndexAction.class.php 第 290 行.
NOTIC: [8192] mysql_connect(): The mysql extension is deprecated and will be removed in the future: use mysqli or PDO instead D:\wamp\www\tp\ThinkPHP\Lib\Driver\Db\DbMysql.class.php 第 55 行.
SQL: SHOW COLUMNS FROM `tp_config` [ RunTime:0.000000s ]
NOTIC: [8192] preg_replace(): The /e modifier is deprecated, use preg_replace_callback instead D:\wamp\www\tp\ThinkPHP\Lib\Core\Db.class.php 第 605 行.
SQL: SELECT * FROM `tp_config` WHERE ( id = 1 ) LIMIT 1   [ RunTime:0.000000s ]
SQL: UPDATE `tp_config` SET `visits`=5814 WHERE ( id=1 ) [ RunTime:0.187200s ]

[ 2016-05-08T17:41:36+08:00 ] 127.0.0.1 /tp/Index/toupiao.html
INFO: [ app_begin ] --START--
INFO: ReadHtmlCache Behavior ::run [ RunTime:0.001000s ]
INFO: [ app_begin ] --END-- [ RunTime:0.001000s ]
NOTIC: [2048] Declaration of IndexAction::show() should be compatible with Action::show($content, $charset = '', $contentType = '', $prefix = '') D:\wamp\www\tp\vote\Lib\Action\IndexAction.class.php 第 290 行.
NOTIC: [8192] mysql_connect(): The mysql extension is deprecated and will be removed in the future: use mysqli or PDO instead D:\wamp\www\tp\ThinkPHP\Lib\Driver\Db\DbMysql.class.php 第 55 行.
SQL: SHOW COLUMNS FROM `tp_config` [ RunTime:0.004001s ]
NOTIC: [8192] preg_replace(): The /e modifier is deprecated, use preg_replace_callback instead D:\wamp\www\tp\ThinkPHP\Lib\Core\Db.class.php 第 605 行.
SQL: SELECT * FROM `tp_config` WHERE ( id = 1 ) LIMIT 1   [ RunTime:0.001000s ]
SQL: SHOW COLUMNS FROM `tp_vote` [ RunTime:0.004000s ]
NOTIC: [8192] preg_replace(): The /e modifier is deprecated, use preg_replace_callback instead D:\wamp\www\tp\ThinkPHP\Lib\Core\Db.class.php 第 605 行.
SQL: SELECT COUNT(*) AS tp_count FROM `tp_vote` WHERE ( '1462700496'>'1462636800' and '1462700496'<'1462723200' and ip = '127.0.0.1' ) LIMIT 1   [ RunTime:0.001000s ]
NOTIC: [8192] preg_replace(): The /e modifier is deprecated, use preg_replace_callback instead D:\wamp\www\tp\ThinkPHP\Lib\Core\Db.class.php 第 605 行.
SQL: SELECT * FROM `tp_vote` WHERE ( '1462700496'>'1462636800' and '1462700496'<'1462723200' and openid = 'skdaroptrrfla5654dsa' )  [ RunTime:0.001000s ]

[ 2016-05-08T17:43:15+08:00 ] 127.0.0.1 /tp/Index/visits.html
INFO: [ app_begin ] --START--
INFO: ReadHtmlCache Behavior ::run [ RunTime:0.001000s ]
INFO: [ app_begin ] --END-- [ RunTime:0.001000s ]
NOTIC: [2048] Declaration of IndexAction::show() should be compatible with Action::show($content, $charset = '', $contentType = '', $prefix = '') D:\wamp\www\tp\vote\Lib\Action\IndexAction.class.php 第 290 行.
NOTIC: [8192] mysql_connect(): The mysql extension is deprecated and will be removed in the future: use mysqli or PDO instead D:\wamp\www\tp\ThinkPHP\Lib\Driver\Db\DbMysql.class.php 第 55 行.
SQL: SHOW COLUMNS FROM `tp_config` [ RunTime:0.004001s ]
NOTIC: [8192] preg_replace(): The /e modifier is deprecated, use preg_replace_callback instead D:\wamp\www\tp\ThinkPHP\Lib\Core\Db.class.php 第 605 行.
SQL: SELECT * FROM `tp_config` WHERE ( id = 1 ) LIMIT 1   [ RunTime:0.001000s ]
SQL: UPDATE `tp_config` SET `visits`=5815 WHERE ( id=1 ) [ RunTime:0.389022s ]

[ 2016-05-08T17:43:16+08:00 ] 127.0.0.1 /tp/Index/visits.html
INFO: [ app_begin ] --START--
INFO: ReadHtmlCache Behavior ::run [ RunTime:0.001000s ]
INFO: [ app_begin ] --END-- [ RunTime:0.002000s ]
NOTIC: [2048] Declaration of IndexAction::show() should be compatible with Action::show($content, $charset = '', $contentType = '', $prefix = '') D:\wamp\www\tp\vote\Lib\Action\IndexAction.class.php 第 290 行.
NOTIC: [8192] mysql_connect(): The mysql extension is deprecated and will be removed in the future: use mysqli or PDO instead D:\wamp\www\tp\ThinkPHP\Lib\Driver\Db\DbMysql.class.php 第 55 行.
SQL: SHOW COLUMNS FROM `tp_config` [ RunTime:0.006000s ]
NOTIC: [8192] preg_replace(): The /e modifier is deprecated, use preg_replace_callback instead D:\wamp\www\tp\ThinkPHP\Lib\Core\Db.class.php 第 605 行.
SQL: SELECT * FROM `tp_config` WHERE ( id = 1 ) LIMIT 1   [ RunTime:0.002001s ]
SQL: UPDATE `tp_config` SET `visits`=5816 WHERE ( id=1 ) [ RunTime:0.122007s ]

[ 2016-05-08T17:43:18+08:00 ] 127.0.0.1 /tp/Index/toupiao.html
INFO: [ app_begin ] --START--
INFO: ReadHtmlCache Behavior ::run [ RunTime:0.001000s ]
INFO: [ app_begin ] --END-- [ RunTime:0.001000s ]
NOTIC: [2048] Declaration of IndexAction::show() should be compatible with Action::show($content, $charset = '', $contentType = '', $prefix = '') D:\wamp\www\tp\vote\Lib\Action\IndexAction.class.php 第 290 行.
NOTIC: [8192] mysql_connect(): The mysql extension is deprecated and will be removed in the future: use mysqli or PDO instead D:\wamp\www\tp\ThinkPHP\Lib\Driver\Db\DbMysql.class.php 第 55 行.
SQL: SHOW COLUMNS FROM `tp_config` [ RunTime:0.003000s ]
NOTIC: [8192] preg_replace(): The /e modifier is deprecated, use preg_replace_callback instead D:\wamp\www\tp\ThinkPHP\Lib\Core\Db.class.php 第 605 行.
SQL: SELECT * FROM `tp_config` WHERE ( id = 1 ) LIMIT 1   [ RunTime:0.001000s ]
SQL: SHOW COLUMNS FROM `tp_vote` [ RunTime:0.004000s ]
NOTIC: [8192] preg_replace(): The /e modifier is deprecated, use preg_replace_callback instead D:\wamp\www\tp\ThinkPHP\Lib\Core\Db.class.php 第 605 行.
SQL: SELECT COUNT(*) AS tp_count FROM `tp_vote` WHERE ( '1462700598'>'1462636800' and '1462700598'<'1462723200' and ip = '127.0.0.1' ) LIMIT 1   [ RunTime:0.001000s ]
NOTIC: [8192] preg_replace(): The /e modifier is deprecated, use preg_replace_callback instead D:\wamp\www\tp\ThinkPHP\Lib\Core\Db.class.php 第 605 行.
SQL: SELECT * FROM `tp_vote` WHERE ( '1462700598'>'1462636800' and '1462700598'<'1462723200' and openid = 'skdaroptrrfla5654dsa' )  [ RunTime:0.001001s ]

[ 2016-05-08T17:44:19+08:00 ] 127.0.0.1 /tp/Index/visits.html
INFO: [ app_begin ] --START--
INFO: ReadHtmlCache Behavior ::run [ RunTime:0.001000s ]
INFO: [ app_begin ] --END-- [ RunTime:0.002000s ]
NOTIC: [2048] Declaration of IndexAction::show() should be compatible with Action::show($content, $charset = '', $contentType = '', $prefix = '') D:\wamp\www\tp\vote\Lib\Action\IndexAction.class.php 第 290 行.
NOTIC: [8192] mysql_connect(): The mysql extension is deprecated and will be removed in the future: use mysqli or PDO instead D:\wamp\www\tp\ThinkPHP\Lib\Driver\Db\DbMysql.class.php 第 55 行.
SQL: SHOW COLUMNS FROM `tp_config` [ RunTime:0.005000s ]
NOTIC: [8192] preg_replace(): The /e modifier is deprecated, use preg_replace_callback instead D:\wamp\www\tp\ThinkPHP\Lib\Core\Db.class.php 第 605 行.
SQL: SELECT * FROM `tp_config` WHERE ( id = 1 ) LIMIT 1   [ RunTime:0.001000s ]
SQL: UPDATE `tp_config` SET `visits`=5817 WHERE ( id=1 ) [ RunTime:0.063003s ]

[ 2016-05-08T17:44:31+08:00 ] 127.0.0.1 /tp/Index/toupiao.html
INFO: [ app_begin ] --START--
INFO: ReadHtmlCache Behavior ::run [ RunTime:0.001000s ]
INFO: [ app_begin ] --END-- [ RunTime:0.001000s ]
NOTIC: [2048] Declaration of IndexAction::show() should be compatible with Action::show($content, $charset = '', $contentType = '', $prefix = '') D:\wamp\www\tp\vote\Lib\Action\IndexAction.class.php 第 290 行.
NOTIC: [8192] mysql_connect(): The mysql extension is deprecated and will be removed in the future: use mysqli or PDO instead D:\wamp\www\tp\ThinkPHP\Lib\Driver\Db\DbMysql.class.php 第 55 行.
SQL: SHOW COLUMNS FROM `tp_config` [ RunTime:0.003001s ]
NOTIC: [8192] preg_replace(): The /e modifier is deprecated, use preg_replace_callback instead D:\wamp\www\tp\ThinkPHP\Lib\Core\Db.class.php 第 605 行.
SQL: SELECT * FROM `tp_config` WHERE ( id = 1 ) LIMIT 1   [ RunTime:0.001000s ]
SQL: SHOW COLUMNS FROM `tp_vote` [ RunTime:0.004000s ]
NOTIC: [8192] preg_replace(): The /e modifier is deprecated, use preg_replace_callback instead D:\wamp\www\tp\ThinkPHP\Lib\Core\Db.class.php 第 605 行.
SQL: SELECT COUNT(*) AS tp_count FROM `tp_vote` WHERE ( '1462700670'>'1462636800' and '1462700670'<'1462723200' and ip = '127.0.0.1' ) LIMIT 1   [ RunTime:0.001000s ]
NOTIC: [8192] preg_replace(): The /e modifier is deprecated, use preg_replace_callback instead D:\wamp\www\tp\ThinkPHP\Lib\Core\Db.class.php 第 605 行.
SQL: SELECT * FROM `tp_vote` WHERE ( '1462700670'>'1462636800' and '1462700670'<'1462723200' and openid = 'skdredstrrfla5654dsa' )  [ RunTime:0.000000s ]
SQL: SHOW COLUMNS FROM `tp_signup` [ RunTime:0.003000s ]
NOTIC: [8192] preg_replace(): The /e modifier is deprecated, use preg_replace_callback instead D:\wamp\www\tp\ThinkPHP\Lib\Core\Db.class.php 第 605 行.
SQL: SELECT * FROM `tp_signup` WHERE ( id = '5' ) LIMIT 1   [ RunTime:0.001000s ]
SQL: UPDATE `tp_signup` SET `vote`=19 WHERE ( id = '5' ) [ RunTime:0.133008s ]
SQL: INSERT INTO `tp_vote` (`openid`,`time`,`ip`,`address`,`get_id`,`title`) VALUES ('skdredstrrfla5654dsa',1462700670,'127.0.0.1','本机地址','5','明明') [ RunTime:0.437025s ]

[ 2016-05-08T17:44:42+08:00 ] 127.0.0.1 /tp/Index/visits.html
INFO: [ app_begin ] --START--
INFO: ReadHtmlCache Behavior ::run [ RunTime:0.001000s ]
INFO: [ app_begin ] --END-- [ RunTime:0.001000s ]
NOTIC: [2048] Declaration of IndexAction::show() should be compatible with Action::show($content, $charset = '', $contentType = '', $prefix = '') D:\wamp\www\tp\vote\Lib\Action\IndexAction.class.php 第 290 行.
NOTIC: [8192] mysql_connect(): The mysql extension is deprecated and will be removed in the future: use mysqli or PDO instead D:\wamp\www\tp\ThinkPHP\Lib\Driver\Db\DbMysql.class.php 第 55 行.
SQL: SHOW COLUMNS FROM `tp_config` [ RunTime:0.005000s ]
NOTIC: [8192] preg_replace(): The /e modifier is deprecated, use preg_replace_callback instead D:\wamp\www\tp\ThinkPHP\Lib\Core\Db.class.php 第 605 行.
SQL: SELECT * FROM `tp_config` WHERE ( id = 1 ) LIMIT 1   [ RunTime:0.001000s ]
SQL: UPDATE `tp_config` SET `visits`=5818 WHERE ( id=1 ) [ RunTime:0.119007s ]

[ 2016-05-08T17:46:32+08:00 ] 127.0.0.1 /tp/Index/visits.html
INFO: [ app_begin ] --START--
INFO: ReadHtmlCache Behavior ::run [ RunTime:0.002000s ]
INFO: [ app_begin ] --END-- [ RunTime:0.002000s ]
NOTIC: [2048] Declaration of IndexAction::show() should be compatible with Action::show($content, $charset = '', $contentType = '', $prefix = '') D:\wamp\www\tp\vote\Lib\Action\IndexAction.class.php 第 290 行.
NOTIC: [8192] mysql_connect(): The mysql extension is deprecated and will be removed in the future: use mysqli or PDO instead D:\wamp\www\tp\ThinkPHP\Lib\Driver\Db\DbMysql.class.php 第 55 行.
SQL: SHOW COLUMNS FROM `tp_config` [ RunTime:0.005000s ]
NOTIC: [8192] preg_replace(): The /e modifier is deprecated, use preg_replace_callback instead D:\wamp\www\tp\ThinkPHP\Lib\Core\Db.class.php 第 605 行.
SQL: SELECT * FROM `tp_config` WHERE ( id = 1 ) LIMIT 1   [ RunTime:0.001000s ]
SQL: UPDATE `tp_config` SET `visits`=5819 WHERE ( id=1 ) [ RunTime:0.261015s ]

[ 2016-05-08T17:46:52+08:00 ] 127.0.0.1 /tp/Index/visits.html
INFO: [ app_begin ] --START--
INFO: ReadHtmlCache Behavior ::run [ RunTime:0.001000s ]
INFO: [ app_begin ] --END-- [ RunTime:0.001000s ]
NOTIC: [2048] Declaration of IndexAction::show() should be compatible with Action::show($content, $charset = '', $contentType = '', $prefix = '') D:\wamp\www\tp\vote\Lib\Action\IndexAction.class.php 第 290 行.
NOTIC: [8192] mysql_connect(): The mysql extension is deprecated and will be removed in the future: use mysqli or PDO instead D:\wamp\www\tp\ThinkPHP\Lib\Driver\Db\DbMysql.class.php 第 55 行.
SQL: SHOW COLUMNS FROM `tp_config` [ RunTime:0.005000s ]
NOTIC: [8192] preg_replace(): The /e modifier is deprecated, use preg_replace_callback instead D:\wamp\www\tp\ThinkPHP\Lib\Core\Db.class.php 第 605 行.
SQL: SELECT * FROM `tp_config` WHERE ( id = 1 ) LIMIT 1   [ RunTime:0.001000s ]
SQL: UPDATE `tp_config` SET `visits`=5820 WHERE ( id=1 ) [ RunTime:0.090006s ]

[ 2016-05-08T17:46:52+08:00 ] 127.0.0.1 /tp/Index/visits.html
INFO: [ app_begin ] --START--
INFO: ReadHtmlCache Behavior ::run [ RunTime:0.001000s ]
INFO: [ app_begin ] --END-- [ RunTime:0.002000s ]
NOTIC: [2048] Declaration of IndexAction::show() should be compatible with Action::show($content, $charset = '', $contentType = '', $prefix = '') D:\wamp\www\tp\vote\Lib\Action\IndexAction.class.php 第 290 行.
NOTIC: [8192] mysql_connect(): The mysql extension is deprecated and will be removed in the future: use mysqli or PDO instead D:\wamp\www\tp\ThinkPHP\Lib\Driver\Db\DbMysql.class.php 第 55 行.
SQL: SHOW COLUMNS FROM `tp_config` [ RunTime:0.004000s ]
NOTIC: [8192] preg_replace(): The /e modifier is deprecated, use preg_replace_callback instead D:\wamp\www\tp\ThinkPHP\Lib\Core\Db.class.php 第 605 行.
SQL: SELECT * FROM `tp_config` WHERE ( id = 1 ) LIMIT 1   [ RunTime:0.001000s ]
SQL: UPDATE `tp_config` SET `visits`=5821 WHERE ( id=1 ) [ RunTime:0.094005s ]

[ 2016-05-08T17:46:53+08:00 ] 127.0.0.1 /tp/Index/visits.html
INFO: [ app_begin ] --START--
INFO: ReadHtmlCache Behavior ::run [ RunTime:0.001000s ]
INFO: [ app_begin ] --END-- [ RunTime:0.002000s ]
NOTIC: [2048] Declaration of IndexAction::show() should be compatible with Action::show($content, $charset = '', $contentType = '', $prefix = '') D:\wamp\www\tp\vote\Lib\Action\IndexAction.class.php 第 290 行.
NOTIC: [8192] mysql_connect(): The mysql extension is deprecated and will be removed in the future: use mysqli or PDO instead D:\wamp\www\tp\ThinkPHP\Lib\Driver\Db\DbMysql.class.php 第 55 行.
SQL: SHOW COLUMNS FROM `tp_config` [ RunTime:0.003000s ]
NOTIC: [8192] preg_replace(): The /e modifier is deprecated, use preg_replace_callback instead D:\wamp\www\tp\ThinkPHP\Lib\Core\Db.class.php 第 605 行.
SQL: SELECT * FROM `tp_config` WHERE ( id = 1 ) LIMIT 1   [ RunTime:0.000000s ]
SQL: UPDATE `tp_config` SET `visits`=5822 WHERE ( id=1 ) [ RunTime:0.070004s ]

[ 2016-05-08T17:46:58+08:00 ] 127.0.0.1 /tp/Index/toupiao.html
INFO: [ app_begin ] --START--
INFO: ReadHtmlCache Behavior ::run [ RunTime:0.000000s ]
INFO: [ app_begin ] --END-- [ RunTime:0.001000s ]
NOTIC: [2048] Declaration of IndexAction::show() should be compatible with Action::show($content, $charset = '', $contentType = '', $prefix = '') D:\wamp\www\tp\vote\Lib\Action\IndexAction.class.php 第 290 行.
NOTIC: [8192] mysql_connect(): The mysql extension is deprecated and will be removed in the future: use mysqli or PDO instead D:\wamp\www\tp\ThinkPHP\Lib\Driver\Db\DbMysql.class.php 第 55 行.
SQL: SHOW COLUMNS FROM `tp_config` [ RunTime:0.003000s ]
NOTIC: [8192] preg_replace(): The /e modifier is deprecated, use preg_replace_callback instead D:\wamp\www\tp\ThinkPHP\Lib\Core\Db.class.php 第 605 行.
SQL: SELECT * FROM `tp_config` WHERE ( id = 1 ) LIMIT 1   [ RunTime:0.001000s ]
SQL: SHOW COLUMNS FROM `tp_vote` [ RunTime:0.003000s ]
NOTIC: [8192] preg_replace(): The /e modifier is deprecated, use preg_replace_callback instead D:\wamp\www\tp\ThinkPHP\Lib\Core\Db.class.php 第 605 行.
SQL: SELECT COUNT(*) AS tp_count FROM `tp_vote` WHERE ( '1462700818'>'1462636800' and '1462700818'<'1462723200' and ip = '127.0.0.1' ) LIMIT 1   [ RunTime:0.001000s ]
NOTIC: [8192] preg_replace(): The /e modifier is deprecated, use preg_replace_callback instead D:\wamp\www\tp\ThinkPHP\Lib\Core\Db.class.php 第 605 行.
SQL: SELECT * FROM `tp_vote` WHERE ( '1462700818'>'1462636800' and '1462700818'<'1462723200' and openid = 'skdaroptrrfla5654dsa' )  [ RunTime:0.001000s ]

[ 2016-05-08T17:47:01+08:00 ] 127.0.0.1 /tp/Index/toupiao.html
INFO: [ app_begin ] --START--
INFO: ReadHtmlCache Behavior ::run [ RunTime:0.001000s ]
INFO: [ app_begin ] --END-- [ RunTime:0.001000s ]
NOTIC: [2048] Declaration of IndexAction::show() should be compatible with Action::show($content, $charset = '', $contentType = '', $prefix = '') D:\wamp\www\tp\vote\Lib\Action\IndexAction.class.php 第 290 行.
NOTIC: [8192] mysql_connect(): The mysql extension is deprecated and will be removed in the future: use mysqli or PDO instead D:\wamp\www\tp\ThinkPHP\Lib\Driver\Db\DbMysql.class.php 第 55 行.
SQL: SHOW COLUMNS FROM `tp_config` [ RunTime:0.004000s ]
NOTIC: [8192] preg_replace(): The /e modifier is deprecated, use preg_replace_callback instead D:\wamp\www\tp\ThinkPHP\Lib\Core\Db.class.php 第 605 行.
SQL: SELECT * FROM `tp_config` WHERE ( id = 1 ) LIMIT 1   [ RunTime:0.001000s ]
SQL: SHOW COLUMNS FROM `tp_vote` [ RunTime:0.004000s ]
NOTIC: [8192] preg_replace(): The /e modifier is deprecated, use preg_replace_callback instead D:\wamp\www\tp\ThinkPHP\Lib\Core\Db.class.php 第 605 行.
SQL: SELECT COUNT(*) AS tp_count FROM `tp_vote` WHERE ( '1462700821'>'1462636800' and '1462700821'<'1462723200' and ip = '127.0.0.1' ) LIMIT 1   [ RunTime:0.001001s ]
NOTIC: [8192] preg_replace(): The /e modifier is deprecated, use preg_replace_callback instead D:\wamp\www\tp\ThinkPHP\Lib\Core\Db.class.php 第 605 行.
SQL: SELECT * FROM `tp_vote` WHERE ( '1462700821'>'1462636800' and '1462700821'<'1462723200' and openid = 'skdaroptrrfla5654dsa' )  [ RunTime:0.001000s ]

[ 2016-05-08T17:47:10+08:00 ] 127.0.0.1 /tp/Index/toupiao.html
INFO: [ app_begin ] --START--
INFO: ReadHtmlCache Behavior ::run [ RunTime:0.001000s ]
INFO: [ app_begin ] --END-- [ RunTime:0.001000s ]
NOTIC: [2048] Declaration of IndexAction::show() should be compatible with Action::show($content, $charset = '', $contentType = '', $prefix = '') D:\wamp\www\tp\vote\Lib\Action\IndexAction.class.php 第 290 行.
NOTIC: [8192] mysql_connect(): The mysql extension is deprecated and will be removed in the future: use mysqli or PDO instead D:\wamp\www\tp\ThinkPHP\Lib\Driver\Db\DbMysql.class.php 第 55 行.
SQL: SHOW COLUMNS FROM `tp_config` [ RunTime:0.004001s ]
NOTIC: [8192] preg_replace(): The /e modifier is deprecated, use preg_replace_callback instead D:\wamp\www\tp\ThinkPHP\Lib\Core\Db.class.php 第 605 行.
SQL: SELECT * FROM `tp_config` WHERE ( id = 1 ) LIMIT 1   [ RunTime:0.001000s ]
SQL: SHOW COLUMNS FROM `tp_vote` [ RunTime:0.004000s ]
NOTIC: [8192] preg_replace(): The /e modifier is deprecated, use preg_replace_callback instead D:\wamp\www\tp\ThinkPHP\Lib\Core\Db.class.php 第 605 行.
SQL: SELECT COUNT(*) AS tp_count FROM `tp_vote` WHERE ( '1462700830'>'1462636800' and '1462700830'<'1462723200' and ip = '127.0.0.1' ) LIMIT 1   [ RunTime:0.000000s ]
NOTIC: [8192] preg_replace(): The /e modifier is deprecated, use preg_replace_callback instead D:\wamp\www\tp\ThinkPHP\Lib\Core\Db.class.php 第 605 行.
SQL: SELECT * FROM `tp_vote` WHERE ( '1462700830'>'1462636800' and '1462700830'<'1462723200' and openid = 'skdaroptrrfla5654dsa' )  [ RunTime:0.001000s ]

[ 2016-05-08T17:48:02+08:00 ] 127.0.0.1 /tp/Index/toupiao.html
INFO: [ app_begin ] --START--
INFO: ReadHtmlCache Behavior ::run [ RunTime:0.001000s ]
INFO: [ app_begin ] --END-- [ RunTime:0.001000s ]
NOTIC: [2048] Declaration of IndexAction::show() should be compatible with Action::show($content, $charset = '', $contentType = '', $prefix = '') D:\wamp\www\tp\vote\Lib\Action\IndexAction.class.php 第 293 行.
NOTIC: [8192] mysql_connect(): The mysql extension is deprecated and will be removed in the future: use mysqli or PDO instead D:\wamp\www\tp\ThinkPHP\Lib\Driver\Db\DbMysql.class.php 第 55 行.
SQL: SHOW COLUMNS FROM `tp_config` [ RunTime:0.003001s ]
NOTIC: [8192] preg_replace(): The /e modifier is deprecated, use preg_replace_callback instead D:\wamp\www\tp\ThinkPHP\Lib\Core\Db.class.php 第 605 行.
SQL: SELECT * FROM `tp_config` WHERE ( id = 1 ) LIMIT 1   [ RunTime:0.001000s ]
SQL: SHOW COLUMNS FROM `tp_vote` [ RunTime:0.003000s ]
NOTIC: [8192] preg_replace(): The /e modifier is deprecated, use preg_replace_callback instead D:\wamp\www\tp\ThinkPHP\Lib\Core\Db.class.php 第 605 行.
SQL: SELECT COUNT(*) AS tp_count FROM `tp_vote` WHERE ( '1462700881'>'1462636800' and '1462700881'<'1462723200' and ip = '127.0.0.1' ) LIMIT 1   [ RunTime:0.001000s ]
NOTIC: [8192] preg_replace(): The /e modifier is deprecated, use preg_replace_callback instead D:\wamp\www\tp\ThinkPHP\Lib\Core\Db.class.php 第 605 行.
SQL: SELECT * FROM `tp_vote` WHERE ( '1462700881'>'1462636800' and '1462700881'<'1462723200' and openid = 'skdaroptrrfla5654dsa' )  [ RunTime:0.001000s ]

[ 2016-05-08T17:54:34+08:00 ] 127.0.0.1 /tp/Index/visits.html
INFO: [ app_begin ] --START--
INFO: ReadHtmlCache Behavior ::run [ RunTime:0.001000s ]
INFO: [ app_begin ] --END-- [ RunTime:0.001000s ]
NOTIC: [2048] Declaration of IndexAction::show() should be compatible with Action::show($content, $charset = '', $contentType = '', $prefix = '') D:\wamp\www\tp\vote\Lib\Action\IndexAction.class.php 第 293 行.
NOTIC: [8192] mysql_connect(): The mysql extension is deprecated and will be removed in the future: use mysqli or PDO instead D:\wamp\www\tp\ThinkPHP\Lib\Driver\Db\DbMysql.class.php 第 55 行.
SQL: SHOW COLUMNS FROM `tp_config` [ RunTime:0.004001s ]
NOTIC: [8192] preg_replace(): The /e modifier is deprecated, use preg_replace_callback instead D:\wamp\www\tp\ThinkPHP\Lib\Core\Db.class.php 第 605 行.
SQL: SELECT * FROM `tp_config` WHERE ( id = 1 ) LIMIT 1   [ RunTime:0.001000s ]
SQL: UPDATE `tp_config` SET `visits`=5823 WHERE ( id=1 ) [ RunTime:0.106006s ]

[ 2016-05-08T17:54:35+08:00 ] 127.0.0.1 /tp/Index/toupiao.html
INFO: [ app_begin ] --START--
INFO: ReadHtmlCache Behavior ::run [ RunTime:0.001000s ]
INFO: [ app_begin ] --END-- [ RunTime:0.001000s ]
NOTIC: [2048] Declaration of IndexAction::show() should be compatible with Action::show($content, $charset = '', $contentType = '', $prefix = '') D:\wamp\www\tp\vote\Lib\Action\IndexAction.class.php 第 293 行.
NOTIC: [8192] mysql_connect(): The mysql extension is deprecated and will be removed in the future: use mysqli or PDO instead D:\wamp\www\tp\ThinkPHP\Lib\Driver\Db\DbMysql.class.php 第 55 行.
SQL: SHOW COLUMNS FROM `tp_config` [ RunTime:0.004000s ]
NOTIC: [8192] preg_replace(): The /e modifier is deprecated, use preg_replace_callback instead D:\wamp\www\tp\ThinkPHP\Lib\Core\Db.class.php 第 605 行.
SQL: SELECT * FROM `tp_config` WHERE ( id = 1 ) LIMIT 1   [ RunTime:0.001000s ]
SQL: SHOW COLUMNS FROM `tp_vote` [ RunTime:0.004000s ]
NOTIC: [8192] preg_replace(): The /e modifier is deprecated, use preg_replace_callback instead D:\wamp\www\tp\ThinkPHP\Lib\Core\Db.class.php 第 605 行.
SQL: SELECT COUNT(*) AS tp_count FROM `tp_vote` WHERE ( '1462701275'>'1462636800' and '1462701275'<'1462723200' and ip = '127.0.0.1' ) LIMIT 1   [ RunTime:0.000000s ]
NOTIC: [8192] preg_replace(): The /e modifier is deprecated, use preg_replace_callback instead D:\wamp\www\tp\ThinkPHP\Lib\Core\Db.class.php 第 605 行.
SQL: SELECT * FROM `tp_vote` WHERE ( time<'1462636800' and openid = 'skdaroptrrfla5654dsa' )  [ RunTime:0.001000s ]

[ 2016-05-08T17:56:41+08:00 ] 127.0.0.1 /tp/Index/visits.html
INFO: [ app_begin ] --START--
INFO: ReadHtmlCache Behavior ::run [ RunTime:0.002000s ]
INFO: [ app_begin ] --END-- [ RunTime:0.003000s ]
NOTIC: [2048] Declaration of IndexAction::show() should be compatible with Action::show($content, $charset = '', $contentType = '', $prefix = '') D:\wamp\www\tp\vote\Lib\Action\IndexAction.class.php 第 293 行.
NOTIC: [8192] mysql_connect(): The mysql extension is deprecated and will be removed in the future: use mysqli or PDO instead D:\wamp\www\tp\ThinkPHP\Lib\Driver\Db\DbMysql.class.php 第 55 行.
SQL: SHOW COLUMNS FROM `tp_config` [ RunTime:0.004000s ]
NOTIC: [8192] preg_replace(): The /e modifier is deprecated, use preg_replace_callback instead D:\wamp\www\tp\ThinkPHP\Lib\Core\Db.class.php 第 605 行.
SQL: SELECT * FROM `tp_config` WHERE ( id = 1 ) LIMIT 1   [ RunTime:0.002000s ]
SQL: UPDATE `tp_config` SET `visits`=5824 WHERE ( id=1 ) [ RunTime:0.046003s ]

[ 2016-05-08T17:56:42+08:00 ] 127.0.0.1 /tp/Index/toupiao.html
INFO: [ app_begin ] --START--
INFO: ReadHtmlCache Behavior ::run [ RunTime:0.001000s ]
INFO: [ app_begin ] --END-- [ RunTime:0.002000s ]
NOTIC: [2048] Declaration of IndexAction::show() should be compatible with Action::show($content, $charset = '', $contentType = '', $prefix = '') D:\wamp\www\tp\vote\Lib\Action\IndexAction.class.php 第 293 行.
NOTIC: [8192] mysql_connect(): The mysql extension is deprecated and will be removed in the future: use mysqli or PDO instead D:\wamp\www\tp\ThinkPHP\Lib\Driver\Db\DbMysql.class.php 第 55 行.
SQL: SHOW COLUMNS FROM `tp_config` [ RunTime:0.004001s ]
NOTIC: [8192] preg_replace(): The /e modifier is deprecated, use preg_replace_callback instead D:\wamp\www\tp\ThinkPHP\Lib\Core\Db.class.php 第 605 行.
SQL: SELECT * FROM `tp_config` WHERE ( id = 1 ) LIMIT 1   [ RunTime:0.001000s ]
SQL: SHOW COLUMNS FROM `tp_vote` [ RunTime:0.002000s ]
NOTIC: [8192] preg_replace(): The /e modifier is deprecated, use preg_replace_callback instead D:\wamp\www\tp\ThinkPHP\Lib\Core\Db.class.php 第 605 行.
SQL: SELECT COUNT(*) AS tp_count FROM `tp_vote` WHERE ( '1462701402'>'1462636800' and '1462701402'<'1462723200' and ip = '127.0.0.1' ) LIMIT 1   [ RunTime:0.001000s ]
NOTIC: [8192] preg_replace(): The /e modifier is deprecated, use preg_replace_callback instead D:\wamp\www\tp\ThinkPHP\Lib\Core\Db.class.php 第 605 行.
SQL: SELECT * FROM `tp_vote` WHERE ( time>'1462636800' time<'1462723200' and openid = 'skdaroptrrfla5654dsa' )  [ RunTime:0.019001s ]
ERR: 1064:You have an error in your SQL syntax; check the manual that corresponds to your MySQL server version for the right syntax to use near 'time<'1462723200' and openid = 'skdaroptrrfla5654dsa' )' at line 1
 [ SQL语句 ] : SELECT * FROM `tp_vote` WHERE ( time>'1462636800' time<'1462723200' and openid = 'skdaroptrrfla5654dsa' ) 

[ 2016-05-08T17:57:08+08:00 ] 127.0.0.1 /tp/Index/toupiao.html
INFO: [ app_begin ] --START--
INFO: ReadHtmlCache Behavior ::run [ RunTime:0.001000s ]
INFO: [ app_begin ] --END-- [ RunTime:0.001000s ]
NOTIC: [2048] Declaration of IndexAction::show() should be compatible with Action::show($content, $charset = '', $contentType = '', $prefix = '') D:\wamp\www\tp\vote\Lib\Action\IndexAction.class.php 第 293 行.
NOTIC: [8192] mysql_connect(): The mysql extension is deprecated and will be removed in the future: use mysqli or PDO instead D:\wamp\www\tp\ThinkPHP\Lib\Driver\Db\DbMysql.class.php 第 55 行.
SQL: SHOW COLUMNS FROM `tp_config` [ RunTime:0.003000s ]
NOTIC: [8192] preg_replace(): The /e modifier is deprecated, use preg_replace_callback instead D:\wamp\www\tp\ThinkPHP\Lib\Core\Db.class.php 第 605 行.
SQL: SELECT * FROM `tp_config` WHERE ( id = 1 ) LIMIT 1   [ RunTime:0.001000s ]
SQL: SHOW COLUMNS FROM `tp_vote` [ RunTime:0.003000s ]
NOTIC: [8192] preg_replace(): The /e modifier is deprecated, use preg_replace_callback instead D:\wamp\www\tp\ThinkPHP\Lib\Core\Db.class.php 第 605 行.
SQL: SELECT COUNT(*) AS tp_count FROM `tp_vote` WHERE ( '1462701428'>'1462636800' and '1462701428'<'1462723200' and ip = '127.0.0.1' ) LIMIT 1   [ RunTime:0.001000s ]
NOTIC: [8192] preg_replace(): The /e modifier is deprecated, use preg_replace_callback instead D:\wamp\www\tp\ThinkPHP\Lib\Core\Db.class.php 第 605 行.
SQL: SELECT * FROM `tp_vote` WHERE ( time>'1462636800' time<'1462723200' and openid = 'skdaroptrrfla5654dsa' )  [ RunTime:0.000000s ]
ERR: 1064:You have an error in your SQL syntax; check the manual that corresponds to your MySQL server version for the right syntax to use near 'time<'1462723200' and openid = 'skdaroptrrfla5654dsa' )' at line 1
 [ SQL语句 ] : SELECT * FROM `tp_vote` WHERE ( time>'1462636800' time<'1462723200' and openid = 'skdaroptrrfla5654dsa' ) 

[ 2016-05-08T17:59:48+08:00 ] 127.0.0.1 /tp/Index/visits.html
INFO: [ app_begin ] --START--
INFO: ReadHtmlCache Behavior ::run [ RunTime:0.001000s ]
INFO: [ app_begin ] --END-- [ RunTime:0.001000s ]
NOTIC: [2048] Declaration of IndexAction::show() should be compatible with Action::show($content, $charset = '', $contentType = '', $prefix = '') D:\wamp\www\tp\vote\Lib\Action\IndexAction.class.php 第 291 行.
NOTIC: [8192] mysql_connect(): The mysql extension is deprecated and will be removed in the future: use mysqli or PDO instead D:\wamp\www\tp\ThinkPHP\Lib\Driver\Db\DbMysql.class.php 第 55 行.
SQL: SHOW COLUMNS FROM `tp_config` [ RunTime:0.007001s ]
NOTIC: [8192] preg_replace(): The /e modifier is deprecated, use preg_replace_callback instead D:\wamp\www\tp\ThinkPHP\Lib\Core\Db.class.php 第 605 行.
SQL: SELECT * FROM `tp_config` WHERE ( id = 1 ) LIMIT 1   [ RunTime:0.001000s ]
SQL: UPDATE `tp_config` SET `visits`=5825 WHERE ( id=1 ) [ RunTime:0.071004s ]

[ 2016-05-08T18:00:06+08:00 ] 127.0.0.1 /tp/Index/toupiao.html
INFO: [ app_begin ] --START--
INFO: ReadHtmlCache Behavior ::run [ RunTime:0.001000s ]
INFO: [ app_begin ] --END-- [ RunTime:0.001000s ]
NOTIC: [2048] Declaration of IndexAction::show() should be compatible with Action::show($content, $charset = '', $contentType = '', $prefix = '') D:\wamp\www\tp\vote\Lib\Action\IndexAction.class.php 第 291 行.
NOTIC: [8192] mysql_connect(): The mysql extension is deprecated and will be removed in the future: use mysqli or PDO instead D:\wamp\www\tp\ThinkPHP\Lib\Driver\Db\DbMysql.class.php 第 55 行.
SQL: SHOW COLUMNS FROM `tp_config` [ RunTime:0.004000s ]
NOTIC: [8192] preg_replace(): The /e modifier is deprecated, use preg_replace_callback instead D:\wamp\www\tp\ThinkPHP\Lib\Core\Db.class.php 第 605 行.
SQL: SELECT * FROM `tp_config` WHERE ( id = 1 ) LIMIT 1   [ RunTime:0.001000s ]
SQL: SHOW COLUMNS FROM `tp_vote` [ RunTime:0.003000s ]
NOTIC: [8192] preg_replace(): The /e modifier is deprecated, use preg_replace_callback instead D:\wamp\www\tp\ThinkPHP\Lib\Core\Db.class.php 第 605 行.
SQL: SELECT COUNT(*) AS tp_count FROM `tp_vote` WHERE ( '1462701606'>'1462636800' and '1462701606'<'1462723200' and ip = '127.0.0.1' ) LIMIT 1   [ RunTime:0.000000s ]
NOTIC: [8192] preg_replace(): The /e modifier is deprecated, use preg_replace_callback instead D:\wamp\www\tp\ThinkPHP\Lib\Core\Db.class.php 第 605 行.
SQL: SELECT * FROM `tp_vote` WHERE ( time>'1462636800' and time<'1462723200' and openid = 'skdaroptrrfla5654dsa' )  [ RunTime:0.000000s ]

[ 2016-05-08T18:01:23+08:00 ] 127.0.0.1 /tp/Index/visits.html
INFO: [ app_begin ] --START--
INFO: ReadHtmlCache Behavior ::run [ RunTime:0.001000s ]
INFO: [ app_begin ] --END-- [ RunTime:0.001000s ]
NOTIC: [2048] Declaration of IndexAction::show() should be compatible with Action::show($content, $charset = '', $contentType = '', $prefix = '') D:\wamp\www\tp\vote\Lib\Action\IndexAction.class.php 第 291 行.
NOTIC: [8192] mysql_connect(): The mysql extension is deprecated and will be removed in the future: use mysqli or PDO instead D:\wamp\www\tp\ThinkPHP\Lib\Driver\Db\DbMysql.class.php 第 55 行.
SQL: SHOW COLUMNS FROM `tp_config` [ RunTime:0.004000s ]
NOTIC: [8192] preg_replace(): The /e modifier is deprecated, use preg_replace_callback instead D:\wamp\www\tp\ThinkPHP\Lib\Core\Db.class.php 第 605 行.
SQL: SELECT * FROM `tp_config` WHERE ( id = 1 ) LIMIT 1   [ RunTime:0.001000s ]
SQL: UPDATE `tp_config` SET `visits`=5826 WHERE ( id=1 ) [ RunTime:0.090005s ]

[ 2016-05-08T18:01:31+08:00 ] 127.0.0.1 /tp/Index/weiguan.html?id=5
INFO: [ app_begin ] --START--
INFO: ReadHtmlCache Behavior ::run [ RunTime:0.001001s ]
INFO: [ app_begin ] --END-- [ RunTime:0.002001s ]
NOTIC: [2048] Declaration of IndexAction::show() should be compatible with Action::show($content, $charset = '', $contentType = '', $prefix = '') D:\wamp\www\tp\vote\Lib\Action\IndexAction.class.php 第 291 行.
NOTIC: [8192] mysql_connect(): The mysql extension is deprecated and will be removed in the future: use mysqli or PDO instead D:\wamp\www\tp\ThinkPHP\Lib\Driver\Db\DbMysql.class.php 第 55 行.
SQL: SHOW COLUMNS FROM `tp_signup` [ RunTime:0.006000s ]
NOTIC: [8192] preg_replace(): The /e modifier is deprecated, use preg_replace_callback instead D:\wamp\www\tp\ThinkPHP\Lib\Core\Db.class.php 第 605 行.
SQL: SELECT * FROM `tp_signup` WHERE ( id = '5' ) LIMIT 1   [ RunTime:0.000000s ]
SQL: UPDATE `tp_signup` SET `visits`=108 WHERE ( id = '5' ) [ RunTime:0.063003s ]

[ 2016-05-08T18:01:37+08:00 ] 127.0.0.1 /tp/Index/weiguan.html?id=9
INFO: [ app_begin ] --START--
INFO: ReadHtmlCache Behavior ::run [ RunTime:0.001000s ]
INFO: [ app_begin ] --END-- [ RunTime:0.001000s ]
NOTIC: [2048] Declaration of IndexAction::show() should be compatible with Action::show($content, $charset = '', $contentType = '', $prefix = '') D:\wamp\www\tp\vote\Lib\Action\IndexAction.class.php 第 291 行.
NOTIC: [8192] mysql_connect(): The mysql extension is deprecated and will be removed in the future: use mysqli or PDO instead D:\wamp\www\tp\ThinkPHP\Lib\Driver\Db\DbMysql.class.php 第 55 行.
SQL: SHOW COLUMNS FROM `tp_signup` [ RunTime:0.522030s ]
NOTIC: [8192] preg_replace(): The /e modifier is deprecated, use preg_replace_callback instead D:\wamp\www\tp\ThinkPHP\Lib\Core\Db.class.php 第 605 行.
SQL: SELECT * FROM `tp_signup` WHERE ( id = '9' ) LIMIT 1   [ RunTime:0.001000s ]
SQL: UPDATE `tp_signup` SET `visits`=11 WHERE ( id = '9' ) [ RunTime:0.122007s ]

[ 2016-05-08T18:01:50+08:00 ] 127.0.0.1 /tp/Index/toupiao.html
INFO: [ app_begin ] --START--
INFO: ReadHtmlCache Behavior ::run [ RunTime:0.001001s ]
INFO: [ app_begin ] --END-- [ RunTime:0.001001s ]
NOTIC: [2048] Declaration of IndexAction::show() should be compatible with Action::show($content, $charset = '', $contentType = '', $prefix = '') D:\wamp\www\tp\vote\Lib\Action\IndexAction.class.php 第 291 行.
NOTIC: [8192] mysql_connect(): The mysql extension is deprecated and will be removed in the future: use mysqli or PDO instead D:\wamp\www\tp\ThinkPHP\Lib\Driver\Db\DbMysql.class.php 第 55 行.
SQL: SHOW COLUMNS FROM `tp_config` [ RunTime:0.004000s ]
NOTIC: [8192] preg_replace(): The /e modifier is deprecated, use preg_replace_callback instead D:\wamp\www\tp\ThinkPHP\Lib\Core\Db.class.php 第 605 行.
SQL: SELECT * FROM `tp_config` WHERE ( id = 1 ) LIMIT 1   [ RunTime:0.000000s ]
SQL: SHOW COLUMNS FROM `tp_vote` [ RunTime:0.003000s ]
NOTIC: [8192] preg_replace(): The /e modifier is deprecated, use preg_replace_callback instead D:\wamp\www\tp\ThinkPHP\Lib\Core\Db.class.php 第 605 行.
SQL: SELECT COUNT(*) AS tp_count FROM `tp_vote` WHERE ( '1462701710'>'1462636800' and '1462701710'<'1462723200' and ip = '127.0.0.1' ) LIMIT 1   [ RunTime:0.001000s ]
NOTIC: [8192] preg_replace(): The /e modifier is deprecated, use preg_replace_callback instead D:\wamp\www\tp\ThinkPHP\Lib\Core\Db.class.php 第 605 行.
SQL: SELECT * FROM `tp_vote` WHERE ( time>'1462636800' and time<'1462723200' and openid = 'skdaroptrrfla5654dsa' )  [ RunTime:0.001000s ]
SQL: SHOW COLUMNS FROM `tp_signup` [ RunTime:0.004001s ]
NOTIC: [8192] preg_replace(): The /e modifier is deprecated, use preg_replace_callback instead D:\wamp\www\tp\ThinkPHP\Lib\Core\Db.class.php 第 605 行.
SQL: SELECT * FROM `tp_signup` WHERE ( id = '5' ) LIMIT 1   [ RunTime:0.000000s ]
SQL: UPDATE `tp_signup` SET `vote`=21 WHERE ( id = '5' ) [ RunTime:0.092005s ]
SQL: INSERT INTO `tp_vote` (`openid`,`time`,`ip`,`address`,`get_id`,`title`) VALUES ('skdaroptrrfla5654dsa',1462701710,'127.0.0.1','本机地址',5,'李雷') [ RunTime:0.051003s ]

[ 2016-05-08T18:01:57+08:00 ] 127.0.0.1 /tp/Index/toupiao.html
INFO: [ app_begin ] --START--
INFO: ReadHtmlCache Behavior ::run [ RunTime:0.001000s ]
INFO: [ app_begin ] --END-- [ RunTime:0.001000s ]
NOTIC: [2048] Declaration of IndexAction::show() should be compatible with Action::show($content, $charset = '', $contentType = '', $prefix = '') D:\wamp\www\tp\vote\Lib\Action\IndexAction.class.php 第 291 行.
NOTIC: [8192] mysql_connect(): The mysql extension is deprecated and will be removed in the future: use mysqli or PDO instead D:\wamp\www\tp\ThinkPHP\Lib\Driver\Db\DbMysql.class.php 第 55 行.
SQL: SHOW COLUMNS FROM `tp_config` [ RunTime:0.004000s ]
NOTIC: [8192] preg_replace(): The /e modifier is deprecated, use preg_replace_callback instead D:\wamp\www\tp\ThinkPHP\Lib\Core\Db.class.php 第 605 行.
SQL: SELECT * FROM `tp_config` WHERE ( id = 1 ) LIMIT 1   [ RunTime:0.001000s ]
SQL: SHOW COLUMNS FROM `tp_vote` [ RunTime:0.003000s ]
NOTIC: [8192] preg_replace(): The /e modifier is deprecated, use preg_replace_callback instead D:\wamp\www\tp\ThinkPHP\Lib\Core\Db.class.php 第 605 行.
SQL: SELECT COUNT(*) AS tp_count FROM `tp_vote` WHERE ( '1462701717'>'1462636800' and '1462701717'<'1462723200' and ip = '127.0.0.1' ) LIMIT 1   [ RunTime:0.001000s ]
NOTIC: [8192] preg_replace(): The /e modifier is deprecated, use preg_replace_callback instead D:\wamp\www\tp\ThinkPHP\Lib\Core\Db.class.php 第 605 行.
SQL: SELECT * FROM `tp_vote` WHERE ( time>'1462636800' and time<'1462723200' and openid = 'skdaroptrrfla5654dsa' )  [ RunTime:0.000000s ]

[ 2016-05-08T18:02:25+08:00 ] 127.0.0.1 /tp/Index/visits.html
INFO: [ app_begin ] --START--
INFO: ReadHtmlCache Behavior ::run [ RunTime:0.002000s ]
INFO: [ app_begin ] --END-- [ RunTime:0.002000s ]
NOTIC: [2048] Declaration of IndexAction::show() should be compatible with Action::show($content, $charset = '', $contentType = '', $prefix = '') D:\wamp\www\tp\vote\Lib\Action\IndexAction.class.php 第 291 行.
NOTIC: [8192] mysql_connect(): The mysql extension is deprecated and will be removed in the future: use mysqli or PDO instead D:\wamp\www\tp\ThinkPHP\Lib\Driver\Db\DbMysql.class.php 第 55 行.
SQL: SHOW COLUMNS FROM `tp_config` [ RunTime:0.004000s ]
NOTIC: [8192] preg_replace(): The /e modifier is deprecated, use preg_replace_callback instead D:\wamp\www\tp\ThinkPHP\Lib\Core\Db.class.php 第 605 行.
SQL: SELECT * FROM `tp_config` WHERE ( id = 1 ) LIMIT 1   [ RunTime:0.002000s ]
SQL: UPDATE `tp_config` SET `visits`=5827 WHERE ( id=1 ) [ RunTime:0.489028s ]

[ 2016-05-08T18:02:25+08:00 ] 127.0.0.1 /tp/Index/toupiao.html
INFO: [ app_begin ] --START--
INFO: ReadHtmlCache Behavior ::run [ RunTime:0.001000s ]
INFO: [ app_begin ] --END-- [ RunTime:0.001000s ]
NOTIC: [2048] Declaration of IndexAction::show() should be compatible with Action::show($content, $charset = '', $contentType = '', $prefix = '') D:\wamp\www\tp\vote\Lib\Action\IndexAction.class.php 第 291 行.
NOTIC: [8192] mysql_connect(): The mysql extension is deprecated and will be removed in the future: use mysqli or PDO instead D:\wamp\www\tp\ThinkPHP\Lib\Driver\Db\DbMysql.class.php 第 55 行.
SQL: SHOW COLUMNS FROM `tp_config` [ RunTime:0.004001s ]
NOTIC: [8192] preg_replace(): The /e modifier is deprecated, use preg_replace_callback instead D:\wamp\www\tp\ThinkPHP\Lib\Core\Db.class.php 第 605 行.
SQL: SELECT * FROM `tp_config` WHERE ( id = 1 ) LIMIT 1   [ RunTime:0.001000s ]
SQL: SHOW COLUMNS FROM `tp_vote` [ RunTime:0.003000s ]
NOTIC: [8192] preg_replace(): The /e modifier is deprecated, use preg_replace_callback instead D:\wamp\www\tp\ThinkPHP\Lib\Core\Db.class.php 第 605 行.
SQL: SELECT COUNT(*) AS tp_count FROM `tp_vote` WHERE ( '1462701745'>'1462636800' and '1462701745'<'1462723200' and ip = '127.0.0.1' ) LIMIT 1   [ RunTime:0.001000s ]
NOTIC: [8192] preg_replace(): The /e modifier is deprecated, use preg_replace_callback instead D:\wamp\www\tp\ThinkPHP\Lib\Core\Db.class.php 第 605 行.
SQL: SELECT * FROM `tp_vote` WHERE ( time>'1462636800' and time<'1462723200' and openid = 'skdaroptrrfla5654dsa' )  [ RunTime:0.000000s ]

[ 2016-05-08T18:02:26+08:00 ] 127.0.0.1 /tp/Index/toupiao.html
INFO: [ app_begin ] --START--
INFO: ReadHtmlCache Behavior ::run [ RunTime:0.001000s ]
INFO: [ app_begin ] --END-- [ RunTime:0.001000s ]
NOTIC: [2048] Declaration of IndexAction::show() should be compatible with Action::show($content, $charset = '', $contentType = '', $prefix = '') D:\wamp\www\tp\vote\Lib\Action\IndexAction.class.php 第 291 行.
NOTIC: [8192] mysql_connect(): The mysql extension is deprecated and will be removed in the future: use mysqli or PDO instead D:\wamp\www\tp\ThinkPHP\Lib\Driver\Db\DbMysql.class.php 第 55 行.
SQL: SHOW COLUMNS FROM `tp_config` [ RunTime:0.004000s ]
NOTIC: [8192] preg_replace(): The /e modifier is deprecated, use preg_replace_callback instead D:\wamp\www\tp\ThinkPHP\Lib\Core\Db.class.php 第 605 行.
SQL: SELECT * FROM `tp_config` WHERE ( id = 1 ) LIMIT 1   [ RunTime:0.001000s ]
SQL: SHOW COLUMNS FROM `tp_vote` [ RunTime:0.003001s ]
NOTIC: [8192] preg_replace(): The /e modifier is deprecated, use preg_replace_callback instead D:\wamp\www\tp\ThinkPHP\Lib\Core\Db.class.php 第 605 行.
SQL: SELECT COUNT(*) AS tp_count FROM `tp_vote` WHERE ( '1462701746'>'1462636800' and '1462701746'<'1462723200' and ip = '127.0.0.1' ) LIMIT 1   [ RunTime:0.000000s ]
NOTIC: [8192] preg_replace(): The /e modifier is deprecated, use preg_replace_callback instead D:\wamp\www\tp\ThinkPHP\Lib\Core\Db.class.php 第 605 行.
SQL: SELECT * FROM `tp_vote` WHERE ( time>'1462636800' and time<'1462723200' and openid = 'skdaroptrrfla5654dsa' )  [ RunTime:0.000000s ]

[ 2016-05-08T18:03:11+08:00 ] 127.0.0.1 /tp/Index/visits.html
INFO: [ app_begin ] --START--
INFO: ReadHtmlCache Behavior ::run [ RunTime:0.001000s ]
INFO: [ app_begin ] --END-- [ RunTime:0.001000s ]
NOTIC: [2048] Declaration of IndexAction::show() should be compatible with Action::show($content, $charset = '', $contentType = '', $prefix = '') D:\wamp\www\tp\vote\Lib\Action\IndexAction.class.php 第 291 行.
NOTIC: [8192] mysql_connect(): The mysql extension is deprecated and will be removed in the future: use mysqli or PDO instead D:\wamp\www\tp\ThinkPHP\Lib\Driver\Db\DbMysql.class.php 第 55 行.
SQL: SHOW COLUMNS FROM `tp_config` [ RunTime:0.005000s ]
NOTIC: [8192] preg_replace(): The /e modifier is deprecated, use preg_replace_callback instead D:\wamp\www\tp\ThinkPHP\Lib\Core\Db.class.php 第 605 行.
SQL: SELECT * FROM `tp_config` WHERE ( id = 1 ) LIMIT 1   [ RunTime:0.001000s ]
SQL: UPDATE `tp_config` SET `visits`=5828 WHERE ( id=1 ) [ RunTime:0.203011s ]

[ 2016-05-08T18:03:58+08:00 ] 127.0.0.1 /tp/Index/visits.html
INFO: [ app_begin ] --START--
INFO: ReadHtmlCache Behavior ::run [ RunTime:0.002000s ]
INFO: [ app_begin ] --END-- [ RunTime:0.002000s ]
NOTIC: [2048] Declaration of IndexAction::show() should be compatible with Action::show($content, $charset = '', $contentType = '', $prefix = '') D:\wamp\www\tp\vote\Lib\Action\IndexAction.class.php 第 291 行.
NOTIC: [8192] mysql_connect(): The mysql extension is deprecated and will be removed in the future: use mysqli or PDO instead D:\wamp\www\tp\ThinkPHP\Lib\Driver\Db\DbMysql.class.php 第 55 行.
SQL: SHOW COLUMNS FROM `tp_config` [ RunTime:0.004000s ]
NOTIC: [8192] preg_replace(): The /e modifier is deprecated, use preg_replace_callback instead D:\wamp\www\tp\ThinkPHP\Lib\Core\Db.class.php 第 605 行.
SQL: SELECT * FROM `tp_config` WHERE ( id = 1 ) LIMIT 1   [ RunTime:0.001000s ]
SQL: UPDATE `tp_config` SET `visits`=5829 WHERE ( id=1 ) [ RunTime:0.043002s ]

[ 2016-05-08T18:05:38+08:00 ] 127.0.0.1 /tp/Index/visits.html
INFO: [ app_begin ] --START--
INFO: ReadHtmlCache Behavior ::run [ RunTime:0.001000s ]
INFO: [ app_begin ] --END-- [ RunTime:0.001000s ]
NOTIC: [2048] Declaration of IndexAction::show() should be compatible with Action::show($content, $charset = '', $contentType = '', $prefix = '') D:\wamp\www\tp\vote\Lib\Action\IndexAction.class.php 第 291 行.
NOTIC: [8192] mysql_connect(): The mysql extension is deprecated and will be removed in the future: use mysqli or PDO instead D:\wamp\www\tp\ThinkPHP\Lib\Driver\Db\DbMysql.class.php 第 55 行.
SQL: SHOW COLUMNS FROM `tp_config` [ RunTime:0.004000s ]
NOTIC: [8192] preg_replace(): The /e modifier is deprecated, use preg_replace_callback instead D:\wamp\www\tp\ThinkPHP\Lib\Core\Db.class.php 第 605 行.
SQL: SELECT * FROM `tp_config` WHERE ( id = 1 ) LIMIT 1   [ RunTime:0.001000s ]
SQL: UPDATE `tp_config` SET `visits`=5830 WHERE ( id=1 ) [ RunTime:0.216013s ]

[ 2016-05-08T18:07:40+08:00 ] 127.0.0.1 /tp/Index/jieshoa.html
ERR: 非法操作:jieshoa

[ 2016-05-08T18:07:44+08:00 ] 127.0.0.1 /tp/Index/visits.html
INFO: [ app_begin ] --START--
INFO: ReadHtmlCache Behavior ::run [ RunTime:0.001000s ]
INFO: [ app_begin ] --END-- [ RunTime:0.001000s ]
NOTIC: [2048] Declaration of IndexAction::show() should be compatible with Action::show($content, $charset = '', $contentType = '', $prefix = '') D:\wamp\www\tp\vote\Lib\Action\IndexAction.class.php 第 291 行.
NOTIC: [8192] mysql_connect(): The mysql extension is deprecated and will be removed in the future: use mysqli or PDO instead D:\wamp\www\tp\ThinkPHP\Lib\Driver\Db\DbMysql.class.php 第 55 行.
SQL: SHOW COLUMNS FROM `tp_config` [ RunTime:0.004000s ]
NOTIC: [8192] preg_replace(): The /e modifier is deprecated, use preg_replace_callback instead D:\wamp\www\tp\ThinkPHP\Lib\Core\Db.class.php 第 605 行.
SQL: SELECT * FROM `tp_config` WHERE ( id = 1 ) LIMIT 1   [ RunTime:0.001000s ]
SQL: UPDATE `tp_config` SET `visits`=5831 WHERE ( id=1 ) [ RunTime:0.262015s ]

[ 2016-05-08T18:08:35+08:00 ] 127.0.0.1 /tp/Index/visits.html
INFO: [ app_begin ] --START--
INFO: ReadHtmlCache Behavior ::run [ RunTime:0.001000s ]
INFO: [ app_begin ] --END-- [ RunTime:0.001000s ]
NOTIC: [2048] Declaration of IndexAction::show() should be compatible with Action::show($content, $charset = '', $contentType = '', $prefix = '') D:\wamp\www\tp\vote\Lib\Action\IndexAction.class.php 第 291 行.
NOTIC: [8192] mysql_connect(): The mysql extension is deprecated and will be removed in the future: use mysqli or PDO instead D:\wamp\www\tp\ThinkPHP\Lib\Driver\Db\DbMysql.class.php 第 55 行.
SQL: SHOW COLUMNS FROM `tp_config` [ RunTime:0.004000s ]
NOTIC: [8192] preg_replace(): The /e modifier is deprecated, use preg_replace_callback instead D:\wamp\www\tp\ThinkPHP\Lib\Core\Db.class.php 第 605 行.
SQL: SELECT * FROM `tp_config` WHERE ( id = 1 ) LIMIT 1   [ RunTime:0.001000s ]
SQL: UPDATE `tp_config` SET `visits`=5832 WHERE ( id=1 ) [ RunTime:0.088005s ]

[ 2016-05-08T18:08:45+08:00 ] 127.0.0.1 /tp/Index/visits.html
INFO: [ app_begin ] --START--
INFO: ReadHtmlCache Behavior ::run [ RunTime:0.001000s ]
INFO: [ app_begin ] --END-- [ RunTime:0.002000s ]
NOTIC: [2048] Declaration of IndexAction::show() should be compatible with Action::show($content, $charset = '', $contentType = '', $prefix = '') D:\wamp\www\tp\vote\Lib\Action\IndexAction.class.php 第 291 行.
NOTIC: [8192] mysql_connect(): The mysql extension is deprecated and will be removed in the future: use mysqli or PDO instead D:\wamp\www\tp\ThinkPHP\Lib\Driver\Db\DbMysql.class.php 第 55 行.
SQL: SHOW COLUMNS FROM `tp_config` [ RunTime:0.004000s ]
NOTIC: [8192] preg_replace(): The /e modifier is deprecated, use preg_replace_callback instead D:\wamp\www\tp\ThinkPHP\Lib\Core\Db.class.php 第 605 行.
SQL: SELECT * FROM `tp_config` WHERE ( id = 1 ) LIMIT 1   [ RunTime:0.001000s ]
SQL: UPDATE `tp_config` SET `visits`=5833 WHERE ( id=1 ) [ RunTime:0.088005s ]

[ 2016-05-08T18:11:17+08:00 ] 127.0.0.1 /tp/Index/visits.html
INFO: [ app_begin ] --START--
INFO: ReadHtmlCache Behavior ::run [ RunTime:0.000000s ]
INFO: [ app_begin ] --END-- [ RunTime:0.000000s ]
NOTIC: [2048] Declaration of IndexAction::show() should be compatible with Action::show($content, $charset = '', $contentType = '', $prefix = '') D:\wamp\www\tp\vote\Lib\Action\IndexAction.class.php 第 291 行.
NOTIC: [8192] mysql_connect(): The mysql extension is deprecated and will be removed in the future: use mysqli or PDO instead D:\wamp\www\tp\ThinkPHP\Lib\Driver\Db\DbMysql.class.php 第 55 行.
SQL: SHOW COLUMNS FROM `tp_config` [ RunTime:0.000000s ]
NOTIC: [8192] preg_replace(): The /e modifier is deprecated, use preg_replace_callback instead D:\wamp\www\tp\ThinkPHP\Lib\Core\Db.class.php 第 605 行.
SQL: SELECT * FROM `tp_config` WHERE ( id = 1 ) LIMIT 1   [ RunTime:0.000000s ]
SQL: UPDATE `tp_config` SET `visits`=5834 WHERE ( id=1 ) [ RunTime:0.093600s ]

[ 2016-05-08T18:11:20+08:00 ] 127.0.0.1 /tp/Index/tel%EF%BC%9A13111111111
ERR: 非法操作:tel：13111111111

[ 2016-05-08T18:12:49+08:00 ] 127.0.0.1 /tp/Index/visits.html
INFO: [ app_begin ] --START--
INFO: ReadHtmlCache Behavior ::run [ RunTime:0.000000s ]
INFO: [ app_begin ] --END-- [ RunTime:0.000000s ]
NOTIC: [2048] Declaration of IndexAction::show() should be compatible with Action::show($content, $charset = '', $contentType = '', $prefix = '') D:\wamp\www\tp\vote\Lib\Action\IndexAction.class.php 第 291 行.
NOTIC: [8192] mysql_connect(): The mysql extension is deprecated and will be removed in the future: use mysqli or PDO instead D:\wamp\www\tp\ThinkPHP\Lib\Driver\Db\DbMysql.class.php 第 55 行.
SQL: SHOW COLUMNS FROM `tp_config` [ RunTime:0.000000s ]
NOTIC: [8192] preg_replace(): The /e modifier is deprecated, use preg_replace_callback instead D:\wamp\www\tp\ThinkPHP\Lib\Core\Db.class.php 第 605 行.
SQL: SELECT * FROM `tp_config` WHERE ( id = 1 ) LIMIT 1   [ RunTime:0.000000s ]
SQL: UPDATE `tp_config` SET `visits`=5835 WHERE ( id=1 ) [ RunTime:0.046800s ]

[ 2016-05-08T18:12:53+08:00 ] 127.0.0.1 /tp/Index/toupiao.html
INFO: [ app_begin ] --START--
INFO: ReadHtmlCache Behavior ::run [ RunTime:0.000000s ]
INFO: [ app_begin ] --END-- [ RunTime:0.000000s ]
NOTIC: [2048] Declaration of IndexAction::show() should be compatible with Action::show($content, $charset = '', $contentType = '', $prefix = '') D:\wamp\www\tp\vote\Lib\Action\IndexAction.class.php 第 291 行.
NOTIC: [8192] mysql_connect(): The mysql extension is deprecated and will be removed in the future: use mysqli or PDO instead D:\wamp\www\tp\ThinkPHP\Lib\Driver\Db\DbMysql.class.php 第 55 行.
SQL: SHOW COLUMNS FROM `tp_config` [ RunTime:0.000000s ]
NOTIC: [8192] preg_replace(): The /e modifier is deprecated, use preg_replace_callback instead D:\wamp\www\tp\ThinkPHP\Lib\Core\Db.class.php 第 605 行.
SQL: SELECT * FROM `tp_config` WHERE ( id = 1 ) LIMIT 1   [ RunTime:0.000000s ]
SQL: SHOW COLUMNS FROM `tp_vote` [ RunTime:0.000000s ]
NOTIC: [8192] preg_replace(): The /e modifier is deprecated, use preg_replace_callback instead D:\wamp\www\tp\ThinkPHP\Lib\Core\Db.class.php 第 605 行.
SQL: SELECT COUNT(*) AS tp_count FROM `tp_vote` WHERE ( '1462702373'>'1462636800' and '1462702373'<'1462723200' and ip = '127.0.0.1' ) LIMIT 1   [ RunTime:0.000000s ]
NOTIC: [8192] preg_replace(): The /e modifier is deprecated, use preg_replace_callback instead D:\wamp\www\tp\ThinkPHP\Lib\Core\Db.class.php 第 605 行.
SQL: SELECT * FROM `tp_vote` WHERE ( openid = 'skdaroptrrfla5654dsa' )  [ RunTime:0.000000s ]

[ 2016-05-08T18:12:55+08:00 ] 127.0.0.1 /tp/Index/toupiao.html
INFO: [ app_begin ] --START--
INFO: ReadHtmlCache Behavior ::run [ RunTime:0.000000s ]
INFO: [ app_begin ] --END-- [ RunTime:0.000000s ]
NOTIC: [2048] Declaration of IndexAction::show() should be compatible with Action::show($content, $charset = '', $contentType = '', $prefix = '') D:\wamp\www\tp\vote\Lib\Action\IndexAction.class.php 第 291 行.
NOTIC: [8192] mysql_connect(): The mysql extension is deprecated and will be removed in the future: use mysqli or PDO instead D:\wamp\www\tp\ThinkPHP\Lib\Driver\Db\DbMysql.class.php 第 55 行.
SQL: SHOW COLUMNS FROM `tp_config` [ RunTime:0.000000s ]
NOTIC: [8192] preg_replace(): The /e modifier is deprecated, use preg_replace_callback instead D:\wamp\www\tp\ThinkPHP\Lib\Core\Db.class.php 第 605 行.
SQL: SELECT * FROM `tp_config` WHERE ( id = 1 ) LIMIT 1   [ RunTime:0.000000s ]
SQL: SHOW COLUMNS FROM `tp_vote` [ RunTime:0.000000s ]
NOTIC: [8192] preg_replace(): The /e modifier is deprecated, use preg_replace_callback instead D:\wamp\www\tp\ThinkPHP\Lib\Core\Db.class.php 第 605 行.
SQL: SELECT COUNT(*) AS tp_count FROM `tp_vote` WHERE ( '1462702375'>'1462636800' and '1462702375'<'1462723200' and ip = '127.0.0.1' ) LIMIT 1   [ RunTime:0.000000s ]
NOTIC: [8192] preg_replace(): The /e modifier is deprecated, use preg_replace_callback instead D:\wamp\www\tp\ThinkPHP\Lib\Core\Db.class.php 第 605 行.
SQL: SELECT * FROM `tp_vote` WHERE ( openid = 'skdaroptrrfla5654dsa' )  [ RunTime:0.000000s ]

[ 2016-05-08T20:31:43+08:00 ] 0.0.0.0 /tp/Index/cookie.html
ERR: 非法操作:cookie

